# JRE version: OpenJDK Runtime Environment (16.0.2+7) (build 16.0.2+7-67)
# Java VM: OpenJDK 64-Bit Server VM (16.0.2+7-67, mixed mode, sharing, tiered, compressed oops, compressed class ptrs, g1 gc, windows-amd64)
GC Precious Log:
 CPUs: 8 total, 8 available
 Memory: 7103M
 Large Page Support: Disabled
 NUMA Support: Disabled
 Compressed Oops: Enabled (32-bit)
 Heap Region Size: 1M
 Heap Min Capacity: 8M
 Heap Initial Capacity: 112M
 Heap Max Capacity: 2G
 Pre-touch: Disabled
 Parallel Workers: 8
 Concurrent Workers: 2
 Concurrent Refinement Workers: 8
 Periodic GC: Disabled
Heap:
 garbage-first heap   total 454656K, used 317866K [0x0000000080000000, 0x0000000100000000)
  region size 1024K, 173 young (177152K), 15 survivors (15360K)
 Metaspace       used 121763K, committed 122624K, reserved 1163264K
  class space    used 15738K, committed 16128K, reserved 1048576K
GC Heap History (20 events):
Event: 50.051 GC heap before
{Heap before GC invocations=47 (full 0):
 garbage-first heap   total 189440K, used 148452K [0x0000000080000000, 0x0000000100000000)
  region size 1024K, 61 young (62464K), 7 survivors (7168K)
 Metaspace       used 86011K, committed 86720K, reserved 1130496K
  class space    used 11117K, committed 11456K, reserved 1048576K
}
Event: 50.064 GC heap after
{Heap after GC invocations=48 (full 0):
 garbage-first heap   total 189440K, used 106695K [0x0000000080000000, 0x0000000100000000)
  region size 1024K, 8 young (8192K), 8 survivors (8192K)
 Metaspace       used 86011K, committed 86720K, reserved 1130496K
  class space    used 11117K, committed 11456K, reserved 1048576K
}
Event: 50.092 GC heap before
{Heap before GC invocations=48 (full 0):
 garbage-first heap   total 189440K, used 106695K [0x0000000080000000, 0x0000000100000000)
  region size 1024K, 9 young (9216K), 8 survivors (8192K)
 Metaspace       used 86011K, committed 86720K, reserved 1130496K
  class space    used 11117K, committed 11456K, reserved 1048576K
}
Event: 50.098 GC heap after
{Heap after GC invocations=49 (full 0):
 garbage-first heap   total 189440K, used 108279K [0x0000000080000000, 0x0000000100000000)
  region size 1024K, 1 young (1024K), 1 survivors (1024K)
 Metaspace       used 86011K, committed 86720K, reserved 1130496K
  class space    used 11117K, committed 11456K, reserved 1048576K
}
Event: 51.301 GC heap before
{Heap before GC invocations=50 (full 0):
 garbage-first heap   total 199680K, used 146167K [0x0000000080000000, 0x0000000100000000)
  region size 1024K, 36 young (36864K), 1 survivors (1024K)
 Metaspace       used 86425K, committed 87104K, reserved 1130496K
  class space    used 11145K, committed 11456K, reserved 1048576K
}
Event: 51.311 GC heap after
{Heap after GC invocations=51 (full 0):
 garbage-first heap   total 199680K, used 122053K [0x0000000080000000, 0x0000000100000000)
  region size 1024K, 5 young (5120K), 5 survivors (5120K)
 Metaspace       used 86425K, committed 87104K, reserved 1130496K
  class space    used 11145K, committed 11456K, reserved 1048576K
}
Event: 51.370 GC heap before
{Heap before GC invocations=51 (full 0):
 garbage-first heap   total 199680K, used 134341K [0x0000000080000000, 0x0000000100000000)
  region size 1024K, 9 young (9216K), 5 survivors (5120K)
 Metaspace       used 86428K, committed 87104K, reserved 1130496K
  class space    used 11145K, committed 11456K, reserved 1048576K
}
Event: 51.389 GC heap after
{Heap after GC invocations=52 (full 0):
 garbage-first heap   total 199680K, used 117825K [0x0000000080000000, 0x0000000100000000)
  region size 1024K, 2 young (2048K), 2 survivors (2048K)
 Metaspace       used 86428K, committed 87104K, reserved 1130496K
  class space    used 11145K, committed 11456K, reserved 1048576K
}
Event: 51.960 GC heap before
{Heap before GC invocations=52 (full 0):
 garbage-first heap   total 199680K, used 150593K [0x0000000080000000, 0x0000000100000000)
  region size 1024K, 35 young (35840K), 2 survivors (2048K)
 Metaspace       used 86566K, committed 87296K, reserved 1130496K
  class space    used 11146K, committed 11520K, reserved 1048576K
}
Event: 51.966 GC heap after
{Heap after GC invocations=53 (full 0):
 garbage-first heap   total 199680K, used 120827K [0x0000000080000000, 0x0000000100000000)
  region size 1024K, 5 young (5120K), 5 survivors (5120K)
 Metaspace       used 86566K, committed 87296K, reserved 1130496K
  class space    used 11146K, committed 11520K, reserved 1048576K
}
Event: 52.268 GC heap before
{Heap before GC invocations=54 (full 0):
 garbage-first heap   total 227328K, used 152571K [0x0000000080000000, 0x0000000100000000)
  region size 1024K, 36 young (36864K), 5 survivors (5120K)
 Metaspace       used 86608K, committed 87296K, reserved 1130496K
  class space    used 11148K, committed 11520K, reserved 1048576K
}
Event: 52.273 GC heap after
{Heap after GC invocations=55 (full 0):
 garbage-first heap   total 227328K, used 121600K [0x0000000080000000, 0x0000000100000000)
  region size 1024K, 1 young (1024K), 1 survivors (1024K)
 Metaspace       used 86608K, committed 87296K, reserved 1130496K
  class space    used 11148K, committed 11520K, reserved 1048576K
}
Event: 52.622 GC heap before
{Heap before GC invocations=55 (full 0):
 garbage-first heap   total 227328K, used 171776K [0x0000000080000000, 0x0000000100000000)
  region size 1024K, 51 young (52224K), 1 survivors (1024K)
 Metaspace       used 86729K, committed 87424K, reserved 1130496K
  class space    used 11155K, committed 11520K, reserved 1048576K
}
Event: 52.632 GC heap after
{Heap after GC invocations=56 (full 0):
 garbage-first heap   total 454656K, used 126523K [0x0000000080000000, 0x0000000100000000)
  region size 1024K, 6 young (6144K), 6 survivors (6144K)
 Metaspace       used 86729K, committed 87424K, reserved 1130496K
  class space    used 11155K, committed 11520K, reserved 1048576K
}
Event: 56.640 GC heap before
{Heap before GC invocations=56 (full 0):
 garbage-first heap   total 454656K, used 336443K [0x0000000080000000, 0x0000000100000000)
  region size 1024K, 195 young (199680K), 6 survivors (6144K)
 Metaspace       used 91031K, committed 91712K, reserved 1130496K
  class space    used 11479K, committed 11840K, reserved 1048576K
}
Event: 56.646 GC heap after
{Heap after GC invocations=57 (full 0):
 garbage-first heap   total 454656K, used 124699K [0x0000000080000000, 0x0000000100000000)
  region size 1024K, 4 young (4096K), 4 survivors (4096K)
 Metaspace       used 91031K, committed 91712K, reserved 1130496K
  class space    used 11479K, committed 11840K, reserved 1048576K
}
Event: 101.248 GC heap before
{Heap before GC invocations=57 (full 0):
 garbage-first heap   total 454656K, used 377627K [0x0000000080000000, 0x0000000100000000)
  region size 1024K, 252 young (258048K), 4 survivors (4096K)
 Metaspace       used 97639K, committed 98368K, reserved 1138688K
  class space    used 12248K, committed 12608K, reserved 1048576K
}
Event: 101.270 GC heap after
{Heap after GC invocations=58 (full 0):
 garbage-first heap   total 454656K, used 141497K [0x0000000080000000, 0x0000000100000000)
  region size 1024K, 21 young (21504K), 21 survivors (21504K)
 Metaspace       used 97639K, committed 98368K, reserved 1138688K
  class space    used 12248K, committed 12608K, reserved 1048576K
}
Event: 106.507 GC heap before
{Heap before GC invocations=58 (full 0):
 garbage-first heap   total 454656K, used 367801K [0x0000000080000000, 0x0000000100000000)
  region size 1024K, 237 young (242688K), 21 survivors (21504K)
 Metaspace       used 112015K, committed 112832K, reserved 1155072K
  class space    used 13941K, committed 14336K, reserved 1048576K
}
Event: 106.542 GC heap after
{Heap after GC invocations=59 (full 0):
 garbage-first heap   total 454656K, used 158122K [0x0000000080000000, 0x0000000100000000)
  region size 1024K, 15 young (15360K), 15 survivors (15360K)
 Metaspace       used 112015K, committed 112832K, reserved 1155072K
  class space    used 13941K, committed 14336K, reserved 1048576K
}

