# JRE version: OpenJDK Runtime Environment (16.0.2+7) (build 16.0.2+7-67)
# Java VM: OpenJDK 64-Bit Server VM (16.0.2+7-67, mixed mode, sharing, tiered, compressed oops, compressed class ptrs, g1 gc, windows-amd64)
GC Precious Log:
 CPUs: 8 total, 8 available
 Memory: 7103M
 Large Page Support: Disabled
 NUMA Support: Disabled
 Compressed Oops: Enabled (32-bit)
 Heap Region Size: 1M
 Heap Min Capacity: 8M
 Heap Initial Capacity: 112M
 Heap Max Capacity: 2G
 Pre-touch: Disabled
 Parallel Workers: 8
 Concurrent Workers: 2
 Concurrent Refinement Workers: 8
 Periodic GC: Disabled
Heap:
 garbage-first heap   total 258048K, used 108364K [0x0000000080000000, 0x0000000100000000)
  region size 1024K, 7 young (7168K), 7 survivors (7168K)
 Metaspace       used 118490K, committed 119168K, reserved 1155072K
  class space    used 15093K, committed 15424K, reserved 1048576K
GC Heap History (20 events):
Event: 1424.024 GC heap after
{Heap after GC invocations=89 (full 0):
 garbage-first heap   total 258048K, used 126072K [0x0000000080000000, 0x0000000100000000)
  region size 1024K, 3 young (3072K), 3 survivors (3072K)
 Metaspace       used 114948K, committed 115776K, reserved 1155072K
  class space    used 14830K, committed 15232K, reserved 1048576K
}
Event: 1424.111 GC heap before
{Heap before GC invocations=89 (full 0):
 garbage-first heap   total 258048K, used 134264K [0x0000000080000000, 0x0000000100000000)
  region size 1024K, 12 young (12288K), 3 survivors (3072K)
 Metaspace       used 114957K, committed 115776K, reserved 1155072K
  class space    used 14830K, committed 15232K, reserved 1048576K
}
Event: 1424.139 GC heap after
{Heap after GC invocations=90 (full 0):
 garbage-first heap   total 258048K, used 116378K [0x0000000080000000, 0x0000000100000000)
  region size 1024K, 1 young (1024K), 1 survivors (1024K)
 Metaspace       used 114957K, committed 115776K, reserved 1155072K
  class space    used 14830K, committed 15232K, reserved 1048576K
}
Event: 1424.841 GC heap before
{Heap before GC invocations=90 (full 0):
 garbage-first heap   total 258048K, used 168602K [0x0000000080000000, 0x0000000100000000)
  region size 1024K, 54 young (55296K), 1 survivors (1024K)
 Metaspace       used 115133K, committed 115968K, reserved 1155072K
  class space    used 14833K, committed 15232K, reserved 1048576K
}
Event: 1424.848 GC heap after
{Heap after GC invocations=91 (full 0):
 garbage-first heap   total 258048K, used 116755K [0x0000000080000000, 0x0000000100000000)
  region size 1024K, 2 young (2048K), 2 survivors (2048K)
 Metaspace       used 115133K, committed 115968K, reserved 1155072K
  class space    used 14833K, committed 15232K, reserved 1048576K
}
Event: 3551.909 GC heap before
{Heap before GC invocations=92 (full 0):
 garbage-first heap   total 258048K, used 230419K [0x0000000080000000, 0x0000000100000000)
  region size 1024K, 98 young (100352K), 2 survivors (2048K)
 Metaspace       used 115520K, committed 116416K, reserved 1155072K
  class space    used 14860K, committed 15296K, reserved 1048576K
}
Event: 3551.963 GC heap after
{Heap after GC invocations=93 (full 0):
 garbage-first heap   total 258048K, used 122000K [0x0000000080000000, 0x0000000100000000)
  region size 1024K, 7 young (7168K), 7 survivors (7168K)
 Metaspace       used 115520K, committed 116416K, reserved 1155072K
  class space    used 14860K, committed 15296K, reserved 1048576K
}
Event: 3552.229 GC heap before
{Heap before GC invocations=93 (full 0):
 garbage-first heap   total 258048K, used 130192K [0x0000000080000000, 0x0000000100000000)
  region size 1024K, 16 young (16384K), 7 survivors (7168K)
 Metaspace       used 115681K, committed 116544K, reserved 1155072K
  class space    used 14880K, committed 15296K, reserved 1048576K
}
Event: 3552.242 GC heap after
{Heap after GC invocations=94 (full 0):
 garbage-first heap   total 258048K, used 122857K [0x0000000080000000, 0x0000000100000000)
  region size 1024K, 8 young (8192K), 8 survivors (8192K)
 Metaspace       used 115681K, committed 116544K, reserved 1155072K
  class space    used 14880K, committed 15296K, reserved 1048576K
}
Event: 3555.832 GC heap before
{Heap before GC invocations=95 (full 0):
 garbage-first heap   total 258048K, used 231401K [0x0000000080000000, 0x0000000100000000)
  region size 1024K, 98 young (100352K), 8 survivors (8192K)
 Metaspace       used 117589K, committed 118272K, reserved 1155072K
  class space    used 15042K, committed 15360K, reserved 1048576K
}
Event: 3555.884 GC heap after
{Heap after GC invocations=96 (full 0):
 garbage-first heap   total 258048K, used 125526K [0x0000000080000000, 0x0000000100000000)
  region size 1024K, 12 young (12288K), 12 survivors (12288K)
 Metaspace       used 117589K, committed 118272K, reserved 1155072K
  class space    used 15042K, committed 15360K, reserved 1048576K
}
Event: 3555.932 GC heap before
{Heap before GC invocations=96 (full 0):
 garbage-first heap   total 258048K, used 126550K [0x0000000080000000, 0x0000000100000000)
  region size 1024K, 13 young (13312K), 12 survivors (12288K)
 Metaspace       used 117591K, committed 118272K, reserved 1155072K
  class space    used 15042K, committed 15360K, reserved 1048576K
}
Event: 3556.160 GC heap after
{Heap after GC invocations=97 (full 0):
 garbage-first heap   total 258048K, used 113333K [0x0000000080000000, 0x0000000100000000)
  region size 1024K, 2 young (2048K), 2 survivors (2048K)
 Metaspace       used 117591K, committed 118272K, reserved 1155072K
  class space    used 15042K, committed 15360K, reserved 1048576K
}
Event: 3562.015 GC heap before
{Heap before GC invocations=97 (full 0):
 garbage-first heap   total 258048K, used 196277K [0x0000000080000000, 0x0000000100000000)
  region size 1024K, 85 young (87040K), 2 survivors (2048K)
 Metaspace       used 118083K, committed 118848K, reserved 1155072K
  class space    used 15083K, committed 15424K, reserved 1048576K
}
Event: 3562.028 GC heap after
{Heap after GC invocations=98 (full 0):
 garbage-first heap   total 258048K, used 117783K [0x0000000080000000, 0x0000000100000000)
  region size 1024K, 7 young (7168K), 7 survivors (7168K)
 Metaspace       used 118083K, committed 118848K, reserved 1155072K
  class space    used 15083K, committed 15424K, reserved 1048576K
}
Event: 3564.663 GC heap before
{Heap before GC invocations=99 (full 0):
 garbage-first heap   total 258048K, used 216087K [0x0000000080000000, 0x0000000100000000)
  region size 1024K, 99 young (101376K), 7 survivors (7168K)
 Metaspace       used 118229K, committed 118976K, reserved 1155072K
  class space    used 15091K, committed 15424K, reserved 1048576K
}
Event: 3564.669 GC heap after
{Heap after GC invocations=100 (full 0):
 garbage-first heap   total 258048K, used 115935K [0x0000000080000000, 0x0000000100000000)
  region size 1024K, 5 young (5120K), 5 survivors (5120K)
 Metaspace       used 118229K, committed 118976K, reserved 1155072K
  class space    used 15091K, committed 15424K, reserved 1048576K
}
Event: 3564.685 GC heap before
{Heap before GC invocations=100 (full 0):
 garbage-first heap   total 258048K, used 122079K [0x0000000080000000, 0x0000000100000000)
  region size 1024K, 12 young (12288K), 5 survivors (5120K)
 Metaspace       used 118249K, committed 118976K, reserved 1155072K
  class space    used 15091K, committed 15424K, reserved 1048576K
}
Event: 3564.729 GC heap after
{Heap after GC invocations=101 (full 0):
 garbage-first heap   total 258048K, used 103667K [0x0000000080000000, 0x0000000100000000)
  region size 1024K, 2 young (2048K), 2 survivors (2048K)
 Metaspace       used 118249K, committed 118976K, reserved 1155072K
  class space    used 15091K, committed 15424K, reserved 1048576K
}
Event: 3565.354 GC heap before
{Heap before GC invocations=101 (full 0):
 garbage-first heap   total 258048K, used 196851K [0x0000000080000000, 0x0000000100000000)
  region size 1024K, 95 young (97280K), 2 survivors (2048K)
 Metaspace       used 118490K, committed 119168K, reserved 1155072K
  class space    used 15093K, committed 15424K, reserved 1048576K
}

