# JRE version: OpenJDK Runtime Environment (16.0.2+7) (build 16.0.2+7-67)
# Java VM: OpenJDK 64-Bit Server VM (16.0.2+7-67, mixed mode, sharing, tiered, compressed oops, compressed class ptrs, g1 gc, windows-amd64)
GC Precious Log:
 CPUs: 8 total, 8 available
 Memory: 7103M
 Large Page Support: Disabled
 NUMA Support: Disabled
 Compressed Oops: Enabled (32-bit)
 Heap Region Size: 1M
 Heap Min Capacity: 8M
 Heap Initial Capacity: 112M
 Heap Max Capacity: 2G
 Pre-touch: Disabled
 Parallel Workers: 8
 Concurrent Workers: 2
 Concurrent Refinement Workers: 8
 Periodic GC: Disabled
Heap:
 garbage-first heap   total 107520K, used 76415K [0x0000000080000000, 0x0000000100000000)
  region size 1024K, 20 young (20480K), 3 survivors (3072K)
 Metaspace       used 58004K, committed 58496K, reserved 1105920K
  class space    used 7609K, committed 7872K, reserved 1048576K
GC Heap History (20 events):
Event: 7.115 GC heap before
{Heap before GC invocations=12 (full 0):
 garbage-first heap   total 75776K, used 39018K [0x0000000080000000, 0x0000000100000000)
  region size 1024K, 5 young (5120K), 4 survivors (4096K)
 Metaspace       used 38774K, committed 39168K, reserved 1089536K
  class space    used 5235K, committed 5440K, reserved 1048576K
}
Event: 7.118 GC heap after
{Heap after GC invocations=13 (full 0):
 garbage-first heap   total 75776K, used 39665K [0x0000000080000000, 0x0000000100000000)
  region size 1024K, 1 young (1024K), 1 survivors (1024K)
 Metaspace       used 38774K, committed 39168K, reserved 1089536K
  class space    used 5235K, committed 5440K, reserved 1048576K
}
Event: 7.196 GC heap before
{Heap before GC invocations=14 (full 0):
 garbage-first heap   total 75776K, used 44785K [0x0000000080000000, 0x0000000100000000)
  region size 1024K, 7 young (7168K), 1 survivors (1024K)
 Metaspace       used 38787K, committed 39232K, reserved 1089536K
  class space    used 5235K, committed 5440K, reserved 1048576K
}
Event: 7.198 GC heap after
{Heap after GC invocations=15 (full 0):
 garbage-first heap   total 75776K, used 44144K [0x0000000080000000, 0x0000000100000000)
  region size 1024K, 3 young (3072K), 3 survivors (3072K)
 Metaspace       used 38787K, committed 39232K, reserved 1089536K
  class space    used 5235K, committed 5440K, reserved 1048576K
}
Event: 7.423 GC heap before
{Heap before GC invocations=16 (full 0):
 garbage-first heap   total 83968K, used 57456K [0x0000000080000000, 0x0000000100000000)
  region size 1024K, 14 young (14336K), 3 survivors (3072K)
 Metaspace       used 39710K, committed 40192K, reserved 1089536K
  class space    used 5365K, committed 5568K, reserved 1048576K
}
Event: 7.426 GC heap after
{Heap after GC invocations=17 (full 0):
 garbage-first heap   total 101376K, used 48591K [0x0000000080000000, 0x0000000100000000)
  region size 1024K, 2 young (2048K), 2 survivors (2048K)
 Metaspace       used 39710K, committed 40192K, reserved 1089536K
  class space    used 5365K, committed 5568K, reserved 1048576K
}
Event: 7.757 GC heap before
{Heap before GC invocations=17 (full 0):
 garbage-first heap   total 101376K, used 68047K [0x0000000080000000, 0x0000000100000000)
  region size 1024K, 22 young (22528K), 2 survivors (2048K)
 Metaspace       used 42745K, committed 43136K, reserved 1089536K
  class space    used 5734K, committed 5888K, reserved 1048576K
}
Event: 7.760 GC heap after
{Heap after GC invocations=18 (full 0):
 garbage-first heap   total 101376K, used 49461K [0x0000000080000000, 0x0000000100000000)
  region size 1024K, 1 young (1024K), 1 survivors (1024K)
 Metaspace       used 42745K, committed 43136K, reserved 1089536K
  class space    used 5734K, committed 5888K, reserved 1048576K
}
Event: 8.226 GC heap before
{Heap before GC invocations=19 (full 0):
 garbage-first heap   total 101376K, used 71989K [0x0000000080000000, 0x0000000100000000)
  region size 1024K, 23 young (23552K), 1 survivors (1024K)
 Metaspace       used 46846K, committed 47296K, reserved 1097728K
  class space    used 6207K, committed 6400K, reserved 1048576K
}
Event: 8.228 GC heap after
{Heap after GC invocations=20 (full 0):
 garbage-first heap   total 101376K, used 50300K [0x0000000080000000, 0x0000000100000000)
  region size 1024K, 2 young (2048K), 2 survivors (2048K)
 Metaspace       used 46846K, committed 47296K, reserved 1097728K
  class space    used 6207K, committed 6400K, reserved 1048576K
}
Event: 8.755 GC heap before
{Heap before GC invocations=20 (full 0):
 garbage-first heap   total 101376K, used 73852K [0x0000000080000000, 0x0000000100000000)
  region size 1024K, 25 young (25600K), 2 survivors (2048K)
 Metaspace       used 51462K, committed 52032K, reserved 1097728K
  class space    used 6777K, committed 7040K, reserved 1048576K
}
Event: 8.759 GC heap after
{Heap after GC invocations=21 (full 0):
 garbage-first heap   total 101376K, used 52459K [0x0000000080000000, 0x0000000100000000)
  region size 1024K, 4 young (4096K), 4 survivors (4096K)
 Metaspace       used 51462K, committed 52032K, reserved 1097728K
  class space    used 6777K, committed 7040K, reserved 1048576K
}
Event: 9.084 GC heap before
{Heap before GC invocations=22 (full 0):
 garbage-first heap   total 102400K, used 74987K [0x0000000080000000, 0x0000000100000000)
  region size 1024K, 27 young (27648K), 4 survivors (4096K)
 Metaspace       used 53255K, committed 53760K, reserved 1097728K
  class space    used 6994K, committed 7232K, reserved 1048576K
}
Event: 9.089 GC heap after
{Heap after GC invocations=23 (full 0):
 garbage-first heap   total 102400K, used 54785K [0x0000000080000000, 0x0000000100000000)
  region size 1024K, 3 young (3072K), 3 survivors (3072K)
 Metaspace       used 53255K, committed 53760K, reserved 1097728K
  class space    used 6994K, committed 7232K, reserved 1048576K
}
Event: 9.361 GC heap before
{Heap before GC invocations=23 (full 0):
 garbage-first heap   total 102400K, used 69121K [0x0000000080000000, 0x0000000100000000)
  region size 1024K, 19 young (19456K), 3 survivors (3072K)
 Metaspace       used 54664K, committed 55232K, reserved 1097728K
  class space    used 7144K, committed 7424K, reserved 1048576K
}
Event: 9.364 GC heap after
{Heap after GC invocations=24 (full 0):
 garbage-first heap   total 102400K, used 56082K [0x0000000080000000, 0x0000000100000000)
  region size 1024K, 2 young (2048K), 2 survivors (2048K)
 Metaspace       used 54664K, committed 55232K, reserved 1097728K
  class space    used 7144K, committed 7424K, reserved 1048576K
}
Event: 9.742 GC heap before
{Heap before GC invocations=25 (full 0):
 garbage-first heap   total 102400K, used 80658K [0x0000000080000000, 0x0000000100000000)
  region size 1024K, 25 young (25600K), 2 survivors (2048K)
 Metaspace       used 55598K, committed 56128K, reserved 1105920K
  class space    used 7294K, committed 7552K, reserved 1048576K
}
Event: 9.746 GC heap after
{Heap after GC invocations=26 (full 0):
 garbage-first heap   total 102400K, used 57965K [0x0000000080000000, 0x0000000100000000)
  region size 1024K, 4 young (4096K), 4 survivors (4096K)
 Metaspace       used 55598K, committed 56128K, reserved 1105920K
  class space    used 7294K, committed 7552K, reserved 1048576K
}
Event: 10.005 GC heap before
{Heap before GC invocations=26 (full 0):
 garbage-first heap   total 102400K, used 80493K [0x0000000080000000, 0x0000000100000000)
  region size 1024K, 26 young (26624K), 4 survivors (4096K)
 Metaspace       used 56016K, committed 56512K, reserved 1105920K
  class space    used 7337K, committed 7616K, reserved 1048576K
}
Event: 10.011 GC heap after
{Heap after GC invocations=27 (full 0):
 garbage-first heap   total 102400K, used 60031K [0x0000000080000000, 0x0000000100000000)
  region size 1024K, 3 young (3072K), 3 survivors (3072K)
 Metaspace       used 56016K, committed 56512K, reserved 1105920K
  class space    used 7337K, committed 7616K, reserved 1048576K
}

