# JRE version: OpenJDK Runtime Environment (16.0.2+7) (build 16.0.2+7-67)
# Java VM: OpenJDK 64-Bit Server VM (16.0.2+7-67, mixed mode, sharing, tiered, compressed oops, compressed class ptrs, g1 gc, windows-amd64)
GC Precious Log:
 CPUs: 8 total, 8 available
 Memory: 7103M
 Large Page Support: Disabled
 NUMA Support: Disabled
 Compressed Oops: Enabled (32-bit)
 Heap Region Size: 1M
 Heap Min Capacity: 8M
 Heap Initial Capacity: 112M
 Heap Max Capacity: 2G
 Pre-touch: Disabled
 Parallel Workers: 8
 Concurrent Workers: 2
 Concurrent Refinement Workers: 8
 Periodic GC: Disabled
Heap:
 garbage-first heap   total 75776K, used 42877K [0x0000000080000000, 0x0000000100000000)
  region size 1024K, 3 young (3072K), 3 survivors (3072K)
 Metaspace       used 38785K, committed 39232K, reserved 1089536K
  class space    used 5239K, committed 5440K, reserved 1048576K
GC Heap History (20 events):
Event: 0.809 GC heap after
{Heap after GC invocations=1 (full 0):
 garbage-first heap   total 114688K, used 9161K [0x0000000080000000, 0x0000000100000000)
  region size 1024K, 3 young (3072K), 3 survivors (3072K)
 Metaspace       used 3208K, committed 3328K, reserved 1056768K
  class space    used 391K, committed 448K, reserved 1048576K
}
Event: 1.269 GC heap before
{Heap before GC invocations=1 (full 0):
 garbage-first heap   total 114688K, used 35785K [0x0000000080000000, 0x0000000100000000)
  region size 1024K, 29 young (29696K), 3 survivors (3072K)
 Metaspace       used 4125K, committed 4352K, reserved 1056768K
  class space    used 488K, committed 576K, reserved 1048576K
}
Event: 1.274 GC heap after
{Heap after GC invocations=2 (full 0):
 garbage-first heap   total 114688K, used 11528K [0x0000000080000000, 0x0000000100000000)
  region size 1024K, 2 young (2048K), 2 survivors (2048K)
 Metaspace       used 4125K, committed 4352K, reserved 1056768K
  class space    used 488K, committed 576K, reserved 1048576K
}
Event: 2.892 GC heap before
{Heap before GC invocations=2 (full 0):
 garbage-first heap   total 114688K, used 78088K [0x0000000080000000, 0x0000000100000000)
  region size 1024K, 67 young (68608K), 2 survivors (2048K)
 Metaspace       used 14933K, committed 15232K, reserved 1064960K
  class space    used 2152K, committed 2304K, reserved 1048576K
}
Event: 2.901 GC heap after
{Heap after GC invocations=3 (full 0):
 garbage-first heap   total 114688K, used 18471K [0x0000000080000000, 0x0000000100000000)
  region size 1024K, 9 young (9216K), 9 survivors (9216K)
 Metaspace       used 14933K, committed 15232K, reserved 1064960K
  class space    used 2152K, committed 2304K, reserved 1048576K
}
Event: 3.825 GC heap before
{Heap before GC invocations=3 (full 0):
 garbage-first heap   total 114688K, used 59431K [0x0000000080000000, 0x0000000100000000)
  region size 1024K, 51 young (52224K), 9 survivors (9216K)
 Metaspace       used 20930K, committed 21248K, reserved 1073152K
  class space    used 3077K, committed 3264K, reserved 1048576K
}
Event: 3.832 GC heap after
{Heap after GC invocations=4 (full 0):
 garbage-first heap   total 114688K, used 20762K [0x0000000080000000, 0x0000000100000000)
  region size 1024K, 3 young (3072K), 3 survivors (3072K)
 Metaspace       used 20930K, committed 21248K, reserved 1073152K
  class space    used 3077K, committed 3264K, reserved 1048576K
}
Event: 4.630 GC heap before
{Heap before GC invocations=5 (full 0):
 garbage-first heap   total 75776K, used 61722K [0x0000000080000000, 0x0000000100000000)
  region size 1024K, 44 young (45056K), 3 survivors (3072K)
 Metaspace       used 27656K, committed 27968K, reserved 1073152K
  class space    used 3842K, committed 3968K, reserved 1048576K
}
Event: 4.638 GC heap after
{Heap after GC invocations=6 (full 0):
 garbage-first heap   total 75776K, used 25603K [0x0000000080000000, 0x0000000100000000)
  region size 1024K, 6 young (6144K), 6 survivors (6144K)
 Metaspace       used 27656K, committed 27968K, reserved 1073152K
  class space    used 3842K, committed 3968K, reserved 1048576K
}
Event: 5.151 GC heap before
{Heap before GC invocations=6 (full 0):
 garbage-first heap   total 75776K, used 56323K [0x0000000080000000, 0x0000000100000000)
  region size 1024K, 34 young (34816K), 6 survivors (6144K)
 Metaspace       used 30372K, committed 30656K, reserved 1081344K
  class space    used 4161K, committed 4288K, reserved 1048576K
}
Event: 5.158 GC heap after
{Heap after GC invocations=7 (full 0):
 garbage-first heap   total 75776K, used 28181K [0x0000000080000000, 0x0000000100000000)
  region size 1024K, 4 young (4096K), 4 survivors (4096K)
 Metaspace       used 30372K, committed 30656K, reserved 1081344K
  class space    used 4161K, committed 4288K, reserved 1048576K
}
Event: 5.812 GC heap before
{Heap before GC invocations=7 (full 0):
 garbage-first heap   total 75776K, used 55829K [0x0000000080000000, 0x0000000100000000)
  region size 1024K, 31 young (31744K), 4 survivors (4096K)
 Metaspace       used 34506K, committed 34880K, reserved 1081344K
  class space    used 4669K, committed 4864K, reserved 1048576K
}
Event: 5.818 GC heap after
{Heap after GC invocations=8 (full 0):
 garbage-first heap   total 75776K, used 30085K [0x0000000080000000, 0x0000000100000000)
  region size 1024K, 2 young (2048K), 2 survivors (2048K)
 Metaspace       used 34506K, committed 34880K, reserved 1081344K
  class space    used 4669K, committed 4864K, reserved 1048576K
}
Event: 5.989 GC heap before
{Heap before GC invocations=8 (full 0):
 garbage-first heap   total 75776K, used 37253K [0x0000000080000000, 0x0000000100000000)
  region size 1024K, 10 young (10240K), 2 survivors (2048K)
 Metaspace       used 35304K, committed 35648K, reserved 1081344K
  class space    used 4789K, committed 4992K, reserved 1048576K
}
Event: 5.993 GC heap after
{Heap after GC invocations=9 (full 0):
 garbage-first heap   total 75776K, used 30800K [0x0000000080000000, 0x0000000100000000)
  region size 1024K, 3 young (3072K), 3 survivors (3072K)
 Metaspace       used 35304K, committed 35648K, reserved 1081344K
  class space    used 4789K, committed 4992K, reserved 1048576K
}
Event: 6.686 GC heap before
{Heap before GC invocations=10 (full 0):
 garbage-first heap   total 75776K, used 57424K [0x0000000080000000, 0x0000000100000000)
  region size 1024K, 30 young (30720K), 3 survivors (3072K)
 Metaspace       used 38056K, committed 38464K, reserved 1089536K
  class space    used 5162K, committed 5376K, reserved 1048576K
}
Event: 6.692 GC heap after
{Heap after GC invocations=11 (full 0):
 garbage-first heap   total 75776K, used 33483K [0x0000000080000000, 0x0000000100000000)
  region size 1024K, 4 young (4096K), 4 survivors (4096K)
 Metaspace       used 38056K, committed 38464K, reserved 1089536K
  class space    used 5162K, committed 5376K, reserved 1048576K
}
Event: 7.123 GC heap before
{Heap before GC invocations=11 (full 0):
 garbage-first heap   total 75776K, used 60107K [0x0000000080000000, 0x0000000100000000)
  region size 1024K, 28 young (28672K), 4 survivors (4096K)
 Metaspace       used 38774K, committed 39232K, reserved 1089536K
  class space    used 5239K, committed 5440K, reserved 1048576K
}
Event: 7.128 GC heap after
{Heap after GC invocations=12 (full 0):
 garbage-first heap   total 75776K, used 39544K [0x0000000080000000, 0x0000000100000000)
  region size 1024K, 4 young (4096K), 4 survivors (4096K)
 Metaspace       used 38774K, committed 39232K, reserved 1089536K
  class space    used 5239K, committed 5440K, reserved 1048576K
}
Event: 7.190 GC heap before
{Heap before GC invocations=12 (full 0):
 garbage-first heap   total 75776K, used 42616K [0x0000000080000000, 0x0000000100000000)
  region size 1024K, 9 young (9216K), 4 survivors (4096K)
 Metaspace       used 38785K, committed 39232K, reserved 1089536K
  class space    used 5239K, committed 5440K, reserved 1048576K
}

