# JRE version: OpenJDK Runtime Environment (16.0.2+7) (build 16.0.2+7-67)
# Java VM: OpenJDK 64-Bit Server VM (16.0.2+7-67, mixed mode, sharing, tiered, compressed oops, compressed class ptrs, g1 gc, windows-amd64)
GC Precious Log:
 CPUs: 8 total, 8 available
 Memory: 7103M
 Large Page Support: Disabled
 NUMA Support: Disabled
 Compressed Oops: Enabled (32-bit)
 Heap Region Size: 1M
 Heap Min Capacity: 8M
 Heap Initial Capacity: 112M
 Heap Max Capacity: 2G
 Pre-touch: Disabled
 Parallel Workers: 8
 Concurrent Workers: 2
 Concurrent Refinement Workers: 8
 Periodic GC: Disabled
Heap:
 garbage-first heap   total 150528K, used 107246K [0x0000000080000000, 0x0000000100000000)
  region size 1024K, 32 young (32768K), 6 survivors (6144K)
 Metaspace       used 74883K, committed 75456K, reserved 1114112K
  class space    used 10017K, committed 10304K, reserved 1048576K
GC Heap History (20 events):
Event: 9.399 GC heap before
{Heap before GC invocations=21 (full 0):
 garbage-first heap   total 96256K, used 72546K [0x0000000080000000, 0x0000000100000000)
  region size 1024K, 24 young (24576K), 3 survivors (3072K)
 Metaspace       used 53456K, committed 53952K, reserved 1097728K
  class space    used 7019K, committed 7296K, reserved 1048576K
}
Event: 9.404 GC heap after
{Heap after GC invocations=22 (full 0):
 garbage-first heap   total 96256K, used 53077K [0x0000000080000000, 0x0000000100000000)
  region size 1024K, 2 young (2048K), 2 survivors (2048K)
 Metaspace       used 53456K, committed 53952K, reserved 1097728K
  class space    used 7019K, committed 7296K, reserved 1048576K
}
Event: 9.620 GC heap before
{Heap before GC invocations=22 (full 0):
 garbage-first heap   total 96256K, used 65365K [0x0000000080000000, 0x0000000100000000)
  region size 1024K, 15 young (15360K), 2 survivors (2048K)
 Metaspace       used 54695K, committed 55232K, reserved 1097728K
  class space    used 7145K, committed 7424K, reserved 1048576K
}
Event: 9.623 GC heap after
{Heap after GC invocations=23 (full 0):
 garbage-first heap   total 96256K, used 54380K [0x0000000080000000, 0x0000000100000000)
  region size 1024K, 2 young (2048K), 2 survivors (2048K)
 Metaspace       used 54695K, committed 55232K, reserved 1097728K
  class space    used 7145K, committed 7424K, reserved 1048576K
}
Event: 9.974 GC heap before
{Heap before GC invocations=24 (full 0):
 garbage-first heap   total 99328K, used 76908K [0x0000000080000000, 0x0000000100000000)
  region size 1024K, 23 young (23552K), 2 survivors (2048K)
 Metaspace       used 55628K, committed 56192K, reserved 1097728K
  class space    used 7293K, committed 7552K, reserved 1048576K
}
Event: 9.978 GC heap after
{Heap after GC invocations=25 (full 0):
 garbage-first heap   total 99328K, used 56022K [0x0000000080000000, 0x0000000100000000)
  region size 1024K, 3 young (3072K), 3 survivors (3072K)
 Metaspace       used 55628K, committed 56192K, reserved 1097728K
  class space    used 7293K, committed 7552K, reserved 1048576K
}
Event: 10.193 GC heap before
{Heap before GC invocations=25 (full 0):
 garbage-first heap   total 99328K, used 79574K [0x0000000080000000, 0x0000000100000000)
  region size 1024K, 26 young (26624K), 3 survivors (3072K)
 Metaspace       used 55873K, committed 56448K, reserved 1097728K
  class space    used 7321K, committed 7616K, reserved 1048576K
}
Event: 10.198 GC heap after
{Heap after GC invocations=26 (full 0):
 garbage-first heap   total 148480K, used 58146K [0x0000000080000000, 0x0000000100000000)
  region size 1024K, 4 young (4096K), 4 survivors (4096K)
 Metaspace       used 55873K, committed 56448K, reserved 1097728K
  class space    used 7321K, committed 7616K, reserved 1048576K
}
Event: 11.126 GC heap before
{Heap before GC invocations=27 (full 0):
 garbage-first heap   total 148480K, used 114466K [0x0000000080000000, 0x0000000100000000)
  region size 1024K, 59 young (60416K), 4 survivors (4096K)
 Metaspace       used 61664K, committed 62144K, reserved 1105920K
  class space    used 8246K, committed 8512K, reserved 1048576K
}
Event: 11.133 GC heap after
{Heap after GC invocations=28 (full 0):
 garbage-first heap   total 148480K, used 62119K [0x0000000080000000, 0x0000000100000000)
  region size 1024K, 8 young (8192K), 8 survivors (8192K)
 Metaspace       used 61664K, committed 62144K, reserved 1105920K
  class space    used 8246K, committed 8512K, reserved 1048576K
}
Event: 12.022 GC heap before
{Heap before GC invocations=28 (full 0):
 garbage-first heap   total 148480K, used 116391K [0x0000000080000000, 0x0000000100000000)
  region size 1024K, 61 young (62464K), 8 survivors (8192K)
 Metaspace       used 65833K, committed 66368K, reserved 1114112K
  class space    used 8849K, committed 9088K, reserved 1048576K
}
Event: 12.032 GC heap after
{Heap after GC invocations=29 (full 0):
 garbage-first heap   total 148480K, used 66274K [0x0000000080000000, 0x0000000100000000)
  region size 1024K, 8 young (8192K), 8 survivors (8192K)
 Metaspace       used 65833K, committed 66368K, reserved 1114112K
  class space    used 8849K, committed 9088K, reserved 1048576K
}
Event: 12.994 GC heap before
{Heap before GC invocations=29 (full 0):
 garbage-first heap   total 148480K, used 116450K [0x0000000080000000, 0x0000000100000000)
  region size 1024K, 58 young (59392K), 8 survivors (8192K)
 Metaspace       used 71981K, committed 72576K, reserved 1114112K
  class space    used 9622K, committed 9856K, reserved 1048576K
}
Event: 13.008 GC heap after
{Heap after GC invocations=30 (full 0):
 garbage-first heap   total 148480K, used 72129K [0x0000000080000000, 0x0000000100000000)
  region size 1024K, 8 young (8192K), 8 survivors (8192K)
 Metaspace       used 71981K, committed 72576K, reserved 1114112K
  class space    used 9622K, committed 9856K, reserved 1048576K
}
Event: 13.692 GC heap before
{Heap before GC invocations=30 (full 0):
 garbage-first heap   total 148480K, used 117185K [0x0000000080000000, 0x0000000100000000)
  region size 1024K, 53 young (54272K), 8 survivors (8192K)
 Metaspace       used 73841K, committed 74432K, reserved 1114112K
  class space    used 9954K, committed 10240K, reserved 1048576K
}
Event: 13.702 GC heap after
{Heap after GC invocations=31 (full 0):
 garbage-first heap   total 148480K, used 77134K [0x0000000080000000, 0x0000000100000000)
  region size 1024K, 5 young (5120K), 5 survivors (5120K)
 Metaspace       used 73841K, committed 74432K, reserved 1114112K
  class space    used 9954K, committed 10240K, reserved 1048576K
}
Event: 14.226 GC heap before
{Heap before GC invocations=31 (full 0):
 garbage-first heap   total 148480K, used 118094K [0x0000000080000000, 0x0000000100000000)
  region size 1024K, 46 young (47104K), 5 survivors (5120K)
 Metaspace       used 74202K, committed 74816K, reserved 1114112K
  class space    used 9957K, committed 10240K, reserved 1048576K
}
Event: 14.231 GC heap after
{Heap after GC invocations=32 (full 0):
 garbage-first heap   total 148480K, used 79598K [0x0000000080000000, 0x0000000100000000)
  region size 1024K, 3 young (3072K), 3 survivors (3072K)
 Metaspace       used 74202K, committed 74816K, reserved 1114112K
  class space    used 9957K, committed 10240K, reserved 1048576K
}
Event: 14.710 GC heap before
{Heap before GC invocations=33 (full 0):
 garbage-first heap   total 150528K, used 120558K [0x0000000080000000, 0x0000000100000000)
  region size 1024K, 44 young (45056K), 3 survivors (3072K)
 Metaspace       used 74712K, committed 75328K, reserved 1114112K
  class space    used 10004K, committed 10240K, reserved 1048576K
}
Event: 14.718 GC heap after
{Heap after GC invocations=34 (full 0):
 garbage-first heap   total 150528K, used 82670K [0x0000000080000000, 0x0000000100000000)
  region size 1024K, 6 young (6144K), 6 survivors (6144K)
 Metaspace       used 74712K, committed 75328K, reserved 1114112K
  class space    used 10004K, committed 10240K, reserved 1048576K
}

