# JRE version: OpenJDK Runtime Environment (16.0.2+7) (build 16.0.2+7-67)
# Java VM: OpenJDK 64-Bit Server VM (16.0.2+7-67, mixed mode, sharing, tiered, compressed oops, compressed class ptrs, g1 gc, windows-amd64)
GC Precious Log:
 CPUs: 8 total, 8 available
 Memory: 7103M
 Large Page Support: Disabled
 NUMA Support: Disabled
 Compressed Oops: Enabled (32-bit)
 Heap Region Size: 1M
 Heap Min Capacity: 8M
 Heap Initial Capacity: 112M
 Heap Max Capacity: 2G
 Pre-touch: Disabled
 Parallel Workers: 8
 Concurrent Workers: 2
 Concurrent Refinement Workers: 8
 Periodic GC: Disabled
Heap:
 garbage-first heap   total 271360K, used 126124K [0x0000000080000000, 0x0000000100000000)
  region size 1024K, 5 young (5120K), 2 survivors (2048K)
 Metaspace       used 113292K, committed 113984K, reserved 1155072K
  class space    used 15169K, committed 15488K, reserved 1048576K
GC Heap History (20 events):
Event: 27.802 GC heap before
{Heap before GC invocations=57 (full 0):
 garbage-first heap   total 209920K, used 159307K [0x0000000080000000, 0x0000000100000000)
  region size 1024K, 66 young (67584K), 5 survivors (5120K)
 Metaspace       used 87842K, committed 88448K, reserved 1130496K
  class space    used 11546K, committed 11840K, reserved 1048576K
}
Event: 27.806 GC heap after
{Heap after GC invocations=58 (full 0):
 garbage-first heap   total 209920K, used 98675K [0x0000000080000000, 0x0000000100000000)
  region size 1024K, 5 young (5120K), 5 survivors (5120K)
 Metaspace       used 87842K, committed 88448K, reserved 1130496K
  class space    used 11546K, committed 11840K, reserved 1048576K
}
Event: 31.700 GC heap before
{Heap before GC invocations=58 (full 0):
 garbage-first heap   total 209920K, used 160115K [0x0000000080000000, 0x0000000100000000)
  region size 1024K, 66 young (67584K), 5 survivors (5120K)
 Metaspace       used 95720K, committed 96384K, reserved 1138688K
  class space    used 12470K, committed 12800K, reserved 1048576K
}
Event: 31.713 GC heap after
{Heap after GC invocations=59 (full 0):
 garbage-first heap   total 209920K, used 110518K [0x0000000080000000, 0x0000000100000000)
  region size 1024K, 9 young (9216K), 9 survivors (9216K)
 Metaspace       used 95720K, committed 96384K, reserved 1138688K
  class space    used 12470K, committed 12800K, reserved 1048576K
}
Event: 33.567 GC heap before
{Heap before GC invocations=60 (full 0):
 garbage-first heap   total 209920K, used 166838K [0x0000000080000000, 0x0000000100000000)
  region size 1024K, 62 young (63488K), 9 survivors (9216K)
 Metaspace       used 97496K, committed 98176K, reserved 1138688K
  class space    used 12655K, committed 12992K, reserved 1048576K
}
Event: 33.583 GC heap after
{Heap after GC invocations=61 (full 0):
 garbage-first heap   total 209920K, used 125051K [0x0000000080000000, 0x0000000100000000)
  region size 1024K, 8 young (8192K), 8 survivors (8192K)
 Metaspace       used 97496K, committed 98176K, reserved 1138688K
  class space    used 12655K, committed 12992K, reserved 1048576K
}
Event: 34.500 GC heap before
{Heap before GC invocations=61 (full 0):
 garbage-first heap   total 209920K, used 166011K [0x0000000080000000, 0x0000000100000000)
  region size 1024K, 48 young (49152K), 8 survivors (8192K)
 Metaspace       used 98588K, committed 99264K, reserved 1138688K
  class space    used 12719K, committed 13056K, reserved 1048576K
}
Event: 34.509 GC heap after
{Heap after GC invocations=62 (full 0):
 garbage-first heap   total 209920K, used 128515K [0x0000000080000000, 0x0000000100000000)
  region size 1024K, 3 young (3072K), 3 survivors (3072K)
 Metaspace       used 98588K, committed 99264K, reserved 1138688K
  class space    used 12719K, committed 13056K, reserved 1048576K
}
Event: 36.138 GC heap before
{Heap before GC invocations=63 (full 0):
 garbage-first heap   total 224256K, used 161283K [0x0000000080000000, 0x0000000100000000)
  region size 1024K, 37 young (37888K), 3 survivors (3072K)
 Metaspace       used 99223K, committed 99904K, reserved 1138688K
  class space    used 12751K, committed 13056K, reserved 1048576K
}
Event: 36.145 GC heap after
{Heap after GC invocations=64 (full 0):
 garbage-first heap   total 224256K, used 129465K [0x0000000080000000, 0x0000000100000000)
  region size 1024K, 4 young (4096K), 4 survivors (4096K)
 Metaspace       used 99223K, committed 99904K, reserved 1138688K
  class space    used 12751K, committed 13056K, reserved 1048576K
}
Event: 36.813 GC heap before
{Heap before GC invocations=65 (full 0):
 garbage-first heap   total 234496K, used 184761K [0x0000000080000000, 0x0000000100000000)
  region size 1024K, 55 young (56320K), 4 survivors (4096K)
 Metaspace       used 103533K, committed 104192K, reserved 1146880K
  class space    used 13416K, committed 13696K, reserved 1048576K
}
Event: 36.825 GC heap after
{Heap after GC invocations=66 (full 0):
 garbage-first heap   total 234496K, used 138188K [0x0000000080000000, 0x0000000100000000)
  region size 1024K, 7 young (7168K), 7 survivors (7168K)
 Metaspace       used 103533K, committed 104192K, reserved 1146880K
  class space    used 13416K, committed 13696K, reserved 1048576K
}
Event: 37.409 GC heap before
{Heap before GC invocations=66 (full 0):
 garbage-first heap   total 234496K, used 188364K [0x0000000080000000, 0x0000000100000000)
  region size 1024K, 57 young (58368K), 7 survivors (7168K)
 Metaspace       used 110076K, committed 110784K, reserved 1146880K
  class space    used 14763K, committed 15104K, reserved 1048576K
}
Event: 37.423 GC heap after
{Heap after GC invocations=67 (full 0):
 garbage-first heap   total 234496K, used 144312K [0x0000000080000000, 0x0000000100000000)
  region size 1024K, 6 young (6144K), 6 survivors (6144K)
 Metaspace       used 110076K, committed 110784K, reserved 1146880K
  class space    used 14763K, committed 15104K, reserved 1048576K
}
Event: 37.912 GC heap before
{Heap before GC invocations=68 (full 0):
 garbage-first heap   total 261120K, used 191416K [0x0000000080000000, 0x0000000100000000)
  region size 1024K, 52 young (53248K), 6 survivors (6144K)
 Metaspace       used 111253K, committed 112000K, reserved 1146880K
  class space    used 14923K, committed 15296K, reserved 1048576K
}
Event: 37.920 GC heap after
{Heap after GC invocations=69 (full 0):
 garbage-first heap   total 261120K, used 146317K [0x0000000080000000, 0x0000000100000000)
  region size 1024K, 3 young (3072K), 3 survivors (3072K)
 Metaspace       used 111253K, committed 112000K, reserved 1146880K
  class space    used 14923K, committed 15296K, reserved 1048576K
}
Event: 38.362 GC heap before
{Heap before GC invocations=69 (full 0):
 garbage-first heap   total 261120K, used 208781K [0x0000000080000000, 0x0000000100000000)
  region size 1024K, 65 young (66560K), 3 survivors (3072K)
 Metaspace       used 112689K, committed 113472K, reserved 1146880K
  class space    used 15107K, committed 15488K, reserved 1048576K
}
Event: 38.368 GC heap after
{Heap after GC invocations=70 (full 0):
 garbage-first heap   total 261120K, used 146401K [0x0000000080000000, 0x0000000100000000)
  region size 1024K, 4 young (4096K), 4 survivors (4096K)
 Metaspace       used 112689K, committed 113472K, reserved 1146880K
  class space    used 15107K, committed 15488K, reserved 1048576K
}
Event: 39.077 GC heap before
{Heap before GC invocations=71 (full 0):
 garbage-first heap   total 271360K, used 211937K [0x0000000080000000, 0x0000000100000000)
  region size 1024K, 68 young (69632K), 4 survivors (4096K)
 Metaspace       used 113229K, committed 113920K, reserved 1155072K
  class space    used 15164K, committed 15488K, reserved 1048576K
}
Event: 39.081 GC heap after
{Heap after GC invocations=72 (full 0):
 garbage-first heap   total 271360K, used 145280K [0x0000000080000000, 0x0000000100000000)
  region size 1024K, 2 young (2048K), 2 survivors (2048K)
 Metaspace       used 113229K, committed 113920K, reserved 1155072K
  class space    used 15164K, committed 15488K, reserved 1048576K
}

