# JRE version: OpenJDK Runtime Environment (16.0.2+7) (build 16.0.2+7-67)
# Java VM: OpenJDK 64-Bit Server VM (16.0.2+7-67, mixed mode, sharing, tiered, compressed oops, compressed class ptrs, g1 gc, windows-amd64)
GC Precious Log:
 CPUs: 8 total, 8 available
 Memory: 7103M
 Large Page Support: Disabled
 NUMA Support: Disabled
 Compressed Oops: Enabled (32-bit)
 Heap Region Size: 1M
 Heap Min Capacity: 8M
 Heap Initial Capacity: 112M
 Heap Max Capacity: 2G
 Pre-touch: Disabled
 Parallel Workers: 8
 Concurrent Workers: 2
 Concurrent Refinement Workers: 8
 Periodic GC: Disabled
Heap:
 garbage-first heap   total 242688K, used 123529K [0x0000000080000000, 0x0000000100000000)
  region size 1024K, 3 young (3072K), 3 survivors (3072K)
 Metaspace       used 110069K, committed 110848K, reserved 1146880K
  class space    used 14794K, committed 15168K, reserved 1048576K
GC Heap History (20 events):
Event: 22.669 GC heap after
{Heap after GC invocations=52 (full 0):
 garbage-first heap   total 217088K, used 98739K [0x0000000080000000, 0x0000000100000000)
  region size 1024K, 2 young (2048K), 2 survivors (2048K)
 Metaspace       used 80832K, committed 81408K, reserved 1122304K
  class space    used 10807K, committed 11072K, reserved 1048576K
}
Event: 414.862 GC heap before
{Heap before GC invocations=53 (full 0):
 garbage-first heap   total 217088K, used 193971K [0x0000000080000000, 0x0000000100000000)
  region size 1024K, 82 young (83968K), 2 survivors (2048K)
 Metaspace       used 85603K, committed 86272K, reserved 1130496K
  class space    used 11184K, committed 11520K, reserved 1048576K
}
Event: 414.875 GC heap after
{Heap after GC invocations=54 (full 0):
 garbage-first heap   total 217088K, used 104265K [0x0000000080000000, 0x0000000100000000)
  region size 1024K, 7 young (7168K), 7 survivors (7168K)
 Metaspace       used 85603K, committed 86272K, reserved 1130496K
  class space    used 11184K, committed 11520K, reserved 1048576K
}
Event: 416.773 GC heap before
{Heap before GC invocations=54 (full 0):
 garbage-first heap   total 217088K, used 159561K [0x0000000080000000, 0x0000000100000000)
  region size 1024K, 63 young (64512K), 7 survivors (7168K)
 Metaspace       used 93015K, committed 93696K, reserved 1138688K
  class space    used 12085K, committed 12416K, reserved 1048576K
}
Event: 416.790 GC heap after
{Heap after GC invocations=55 (full 0):
 garbage-first heap   total 217088K, used 114356K [0x0000000080000000, 0x0000000100000000)
  region size 1024K, 10 young (10240K), 10 survivors (10240K)
 Metaspace       used 93015K, committed 93696K, reserved 1138688K
  class space    used 12085K, committed 12416K, reserved 1048576K
}
Event: 418.951 GC heap before
{Heap before GC invocations=56 (full 0):
 garbage-first heap   total 217088K, used 176820K [0x0000000080000000, 0x0000000100000000)
  region size 1024K, 70 young (71680K), 10 survivors (10240K)
 Metaspace       used 95524K, committed 96192K, reserved 1138688K
  class space    used 12334K, committed 12672K, reserved 1048576K
}
Event: 418.972 GC heap after
{Heap after GC invocations=57 (full 0):
 garbage-first heap   total 217088K, used 128800K [0x0000000080000000, 0x0000000100000000)
  region size 1024K, 9 young (9216K), 9 survivors (9216K)
 Metaspace       used 95524K, committed 96192K, reserved 1138688K
  class space    used 12334K, committed 12672K, reserved 1048576K
}
Event: 420.913 GC heap before
{Heap before GC invocations=57 (full 0):
 garbage-first heap   total 217088K, used 170784K [0x0000000080000000, 0x0000000100000000)
  region size 1024K, 52 young (53248K), 9 survivors (9216K)
 Metaspace       used 96274K, committed 97024K, reserved 1138688K
  class space    used 12374K, committed 12736K, reserved 1048576K
}
Event: 420.923 GC heap after
{Heap after GC invocations=58 (full 0):
 garbage-first heap   total 217088K, used 129429K [0x0000000080000000, 0x0000000100000000)
  region size 1024K, 4 young (4096K), 4 survivors (4096K)
 Metaspace       used 96274K, committed 97024K, reserved 1138688K
  class space    used 12374K, committed 12736K, reserved 1048576K
}
Event: 421.782 GC heap before
{Heap before GC invocations=59 (full 0):
 garbage-first heap   total 229376K, used 179605K [0x0000000080000000, 0x0000000100000000)
  region size 1024K, 50 young (51200K), 4 survivors (4096K)
 Metaspace       used 100461K, committed 101184K, reserved 1138688K
  class space    used 13010K, committed 13376K, reserved 1048576K
}
Event: 421.796 GC heap after
{Heap after GC invocations=60 (full 0):
 garbage-first heap   total 229376K, used 137293K [0x0000000080000000, 0x0000000100000000)
  region size 1024K, 7 young (7168K), 7 survivors (7168K)
 Metaspace       used 100461K, committed 101184K, reserved 1138688K
  class space    used 13010K, committed 13376K, reserved 1048576K
}
Event: 421.823 GC heap before
{Heap before GC invocations=60 (full 0):
 garbage-first heap   total 229376K, used 140365K [0x0000000080000000, 0x0000000100000000)
  region size 1024K, 11 young (11264K), 7 survivors (7168K)
 Metaspace       used 100617K, committed 101312K, reserved 1138688K
  class space    used 13048K, committed 13376K, reserved 1048576K
}
Event: 421.852 GC heap after
{Heap after GC invocations=61 (full 0):
 garbage-first heap   total 229376K, used 129342K [0x0000000080000000, 0x0000000100000000)
  region size 1024K, 2 young (2048K), 2 survivors (2048K)
 Metaspace       used 100617K, committed 101312K, reserved 1138688K
  class space    used 13048K, committed 13376K, reserved 1048576K
}
Event: 422.563 GC heap before
{Heap before GC invocations=61 (full 0):
 garbage-first heap   total 229376K, used 182590K [0x0000000080000000, 0x0000000100000000)
  region size 1024K, 55 young (56320K), 2 survivors (2048K)
 Metaspace       used 107426K, committed 108160K, reserved 1146880K
  class space    used 14448K, committed 14784K, reserved 1048576K
}
Event: 422.575 GC heap after
{Heap after GC invocations=62 (full 0):
 garbage-first heap   total 229376K, used 133502K [0x0000000080000000, 0x0000000100000000)
  region size 1024K, 7 young (7168K), 7 survivors (7168K)
 Metaspace       used 107426K, committed 108160K, reserved 1146880K
  class space    used 14448K, committed 14784K, reserved 1048576K
}
Event: 423.197 GC heap before
{Heap before GC invocations=63 (full 0):
 garbage-first heap   total 242688K, used 182654K [0x0000000080000000, 0x0000000100000000)
  region size 1024K, 57 young (58368K), 7 survivors (7168K)
 Metaspace       used 109221K, committed 109952K, reserved 1146880K
  class space    used 14705K, committed 15040K, reserved 1048576K
}
Event: 423.206 GC heap after
{Heap after GC invocations=64 (full 0):
 garbage-first heap   total 242688K, used 134509K [0x0000000080000000, 0x0000000100000000)
  region size 1024K, 4 young (4096K), 4 survivors (4096K)
 Metaspace       used 109221K, committed 109952K, reserved 1146880K
  class space    used 14705K, committed 15040K, reserved 1048576K
}
Event: 423.256 GC heap before
{Heap before GC invocations=64 (full 0):
 garbage-first heap   total 242688K, used 140653K [0x0000000080000000, 0x0000000100000000)
  region size 1024K, 11 young (11264K), 4 survivors (4096K)
 Metaspace       used 109415K, committed 110208K, reserved 1146880K
  class space    used 14729K, committed 15104K, reserved 1048576K
}
Event: 423.278 GC heap after
{Heap after GC invocations=65 (full 0):
 garbage-first heap   total 242688K, used 122651K [0x0000000080000000, 0x0000000100000000)
  region size 1024K, 2 young (2048K), 2 survivors (2048K)
 Metaspace       used 109415K, committed 110208K, reserved 1146880K
  class space    used 14729K, committed 15104K, reserved 1048576K
}
Event: 423.853 GC heap before
{Heap before GC invocations=65 (full 0):
 garbage-first heap   total 242688K, used 164635K [0x0000000080000000, 0x0000000100000000)
  region size 1024K, 45 young (46080K), 2 survivors (2048K)
 Metaspace       used 110069K, committed 110848K, reserved 1146880K
  class space    used 14794K, committed 15168K, reserved 1048576K
}

