# JRE version: OpenJDK Runtime Environment (16.0.2+7) (build 16.0.2+7-67)
# Java VM: OpenJDK 64-Bit Server VM (16.0.2+7-67, mixed mode, sharing, tiered, compressed oops, compressed class ptrs, g1 gc, windows-amd64)
GC Precious Log:
 CPUs: 8 total, 8 available
 Memory: 7103M
 Large Page Support: Disabled
 NUMA Support: Disabled
 Compressed Oops: Enabled (32-bit)
 Heap Region Size: 1M
 Heap Min Capacity: 8M
 Heap Initial Capacity: 112M
 Heap Max Capacity: 2G
 Pre-touch: Disabled
 Parallel Workers: 8
 Concurrent Workers: 2
 Concurrent Refinement Workers: 8
 Periodic GC: Disabled
Heap:
 garbage-first heap   total 322560K, used 158625K [0x0000000080000000, 0x0000000100000000)
  region size 1024K, 3 young (3072K), 3 survivors (3072K)
 Metaspace       used 118488K, committed 119360K, reserved 1155072K
  class space    used 15486K, committed 15936K, reserved 1048576K
GC Heap History (20 events):
Event: 820.279 GC heap after
{Heap after GC invocations=74 (full 0):
 garbage-first heap   total 275456K, used 141824K [0x0000000080000000, 0x0000000100000000)
  region size 1024K, 3 young (3072K), 3 survivors (3072K)
 Metaspace       used 106784K, committed 107584K, reserved 1146880K
  class space    used 14354K, committed 14720K, reserved 1048576K
}
Event: 823.527 GC heap before
{Heap before GC invocations=75 (full 0):
 garbage-first heap   total 275456K, used 199168K [0x0000000080000000, 0x0000000100000000)
  region size 1024K, 69 young (70656K), 3 survivors (3072K)
 Metaspace       used 114352K, committed 115200K, reserved 1155072K
  class space    used 15239K, committed 15680K, reserved 1048576K
}
Event: 823.551 GC heap after
{Heap after GC invocations=76 (full 0):
 garbage-first heap   total 275456K, used 149627K [0x0000000080000000, 0x0000000100000000)
  region size 1024K, 9 young (9216K), 9 survivors (9216K)
 Metaspace       used 114352K, committed 115200K, reserved 1155072K
  class space    used 15239K, committed 15680K, reserved 1048576K
}
Event: 823.631 GC heap before
{Heap before GC invocations=76 (full 0):
 garbage-first heap   total 275456K, used 153723K [0x0000000080000000, 0x0000000100000000)
  region size 1024K, 13 young (13312K), 9 survivors (9216K)
 Metaspace       used 114433K, committed 115264K, reserved 1155072K
  class space    used 15248K, committed 15680K, reserved 1048576K
}
Event: 823.667 GC heap after
{Heap after GC invocations=77 (full 0):
 garbage-first heap   total 275456K, used 132534K [0x0000000080000000, 0x0000000100000000)
  region size 1024K, 2 young (2048K), 2 survivors (2048K)
 Metaspace       used 114433K, committed 115264K, reserved 1155072K
  class space    used 15248K, committed 15680K, reserved 1048576K
}
Event: 825.988 GC heap before
{Heap before GC invocations=77 (full 0):
 garbage-first heap   total 275456K, used 207286K [0x0000000080000000, 0x0000000100000000)
  region size 1024K, 72 young (73728K), 2 survivors (2048K)
 Metaspace       used 116903K, committed 117696K, reserved 1155072K
  class space    used 15460K, committed 15872K, reserved 1048576K
}
Event: 826.001 GC heap after
{Heap after GC invocations=78 (full 0):
 garbage-first heap   total 275456K, used 137956K [0x0000000080000000, 0x0000000100000000)
  region size 1024K, 8 young (8192K), 8 survivors (8192K)
 Metaspace       used 116903K, committed 117696K, reserved 1155072K
  class space    used 15460K, committed 15872K, reserved 1048576K
}
Event: 826.383 GC heap before
{Heap before GC invocations=78 (full 0):
 garbage-first heap   total 322560K, used 207588K [0x0000000080000000, 0x0000000100000000)
  region size 1024K, 77 young (78848K), 8 survivors (8192K)
 Metaspace       used 116960K, committed 117760K, reserved 1155072K
  class space    used 15460K, committed 15872K, reserved 1048576K
}
Event: 826.400 GC heap after
{Heap after GC invocations=79 (full 0):
 garbage-first heap   total 322560K, used 147424K [0x0000000080000000, 0x0000000100000000)
  region size 1024K, 10 young (10240K), 10 survivors (10240K)
 Metaspace       used 116960K, committed 117760K, reserved 1155072K
  class space    used 15460K, committed 15872K, reserved 1048576K
}
Event: 827.635 GC heap before
{Heap before GC invocations=80 (full 0):
 garbage-first heap   total 322560K, used 241632K [0x0000000080000000, 0x0000000100000000)
  region size 1024K, 102 young (104448K), 10 survivors (10240K)
 Metaspace       used 117057K, committed 117888K, reserved 1155072K
  class space    used 15461K, committed 15872K, reserved 1048576K
}
Event: 827.645 GC heap after
{Heap after GC invocations=81 (full 0):
 garbage-first heap   total 322560K, used 145132K [0x0000000080000000, 0x0000000100000000)
  region size 1024K, 6 young (6144K), 6 survivors (6144K)
 Metaspace       used 117057K, committed 117888K, reserved 1155072K
  class space    used 15461K, committed 15872K, reserved 1048576K
}
Event: 827.708 GC heap before
{Heap before GC invocations=81 (full 0):
 garbage-first heap   total 322560K, used 154348K [0x0000000080000000, 0x0000000100000000)
  region size 1024K, 15 young (15360K), 6 survivors (6144K)
 Metaspace       used 117090K, committed 117952K, reserved 1155072K
  class space    used 15461K, committed 15872K, reserved 1048576K
}
Event: 827.736 GC heap after
{Heap after GC invocations=82 (full 0):
 garbage-first heap   total 322560K, used 135039K [0x0000000080000000, 0x0000000100000000)
  region size 1024K, 2 young (2048K), 2 survivors (2048K)
 Metaspace       used 117090K, committed 117952K, reserved 1155072K
  class space    used 15461K, committed 15872K, reserved 1048576K
}
Event: 1161.458 GC heap before
{Heap before GC invocations=82 (full 0):
 garbage-first heap   total 322560K, used 263039K [0x0000000080000000, 0x0000000100000000)
  region size 1024K, 107 young (109568K), 2 survivors (2048K)
 Metaspace       used 117527K, committed 118400K, reserved 1155072K
  class space    used 15482K, committed 15936K, reserved 1048576K
}
Event: 1161.473 GC heap after
{Heap after GC invocations=83 (full 0):
 garbage-first heap   total 322560K, used 140542K [0x0000000080000000, 0x0000000100000000)
  region size 1024K, 8 young (8192K), 8 survivors (8192K)
 Metaspace       used 117527K, committed 118400K, reserved 1155072K
  class space    used 15482K, committed 15936K, reserved 1048576K
}
Event: 1164.811 GC heap before
{Heap before GC invocations=83 (full 0):
 garbage-first heap   total 322560K, used 249086K [0x0000000080000000, 0x0000000100000000)
  region size 1024K, 113 young (115712K), 8 survivors (8192K)
 Metaspace       used 118081K, committed 118976K, reserved 1155072K
  class space    used 15482K, committed 15936K, reserved 1048576K
}
Event: 1164.820 GC heap after
{Heap after GC invocations=84 (full 0):
 garbage-first heap   total 322560K, used 144994K [0x0000000080000000, 0x0000000100000000)
  region size 1024K, 10 young (10240K), 10 survivors (10240K)
 Metaspace       used 118081K, committed 118976K, reserved 1155072K
  class space    used 15482K, committed 15936K, reserved 1048576K
}
Event: 1165.190 GC heap before
{Heap before GC invocations=84 (full 0):
 garbage-first heap   total 322560K, used 257634K [0x0000000080000000, 0x0000000100000000)
  region size 1024K, 117 young (119808K), 10 survivors (10240K)
 Metaspace       used 118166K, committed 119104K, reserved 1155072K
  class space    used 15483K, committed 15936K, reserved 1048576K
}
Event: 1165.206 GC heap after
{Heap after GC invocations=85 (full 0):
 garbage-first heap   total 322560K, used 152377K [0x0000000080000000, 0x0000000100000000)
  region size 1024K, 12 young (12288K), 12 survivors (12288K)
 Metaspace       used 118166K, committed 119104K, reserved 1155072K
  class space    used 15483K, committed 15936K, reserved 1048576K
}
Event: 1166.379 GC heap before
{Heap before GC invocations=85 (full 0):
 garbage-first heap   total 322560K, used 250681K [0x0000000080000000, 0x0000000100000000)
  region size 1024K, 95 young (97280K), 12 survivors (12288K)
 Metaspace       used 118488K, committed 119360K, reserved 1155072K
  class space    used 15486K, committed 15936K, reserved 1048576K
}

