# JRE version: OpenJDK Runtime Environment (16.0.2+7) (build 16.0.2+7-67)
# Java VM: OpenJDK 64-Bit Server VM (16.0.2+7-67, mixed mode, sharing, tiered, compressed oops, compressed class ptrs, g1 gc, windows-amd64)
GC Precious Log:
 CPUs: 8 total, 8 available
 Memory: 7103M
 Large Page Support: Disabled
 NUMA Support: Disabled
 Compressed Oops: Enabled (32-bit)
 Heap Region Size: 1M
 Heap Min Capacity: 8M
 Heap Initial Capacity: 112M
 Heap Max Capacity: 2G
 Pre-touch: Disabled
 Parallel Workers: 8
 Concurrent Workers: 2
 Concurrent Refinement Workers: 8
 Periodic GC: Disabled
Heap:
 garbage-first heap   total 112640K, used 77544K [0x0000000080000000, 0x0000000100000000)
  region size 1024K, 19 young (19456K), 4 survivors (4096K)
 Metaspace       used 63348K, committed 63936K, reserved 1105920K
  class space    used 8511K, committed 8768K, reserved 1048576K
GC Heap History (20 events):
Event: 8.177 GC heap before
{Heap before GC invocations=15 (full 0):
 garbage-first heap   total 91136K, used 69825K [0x0000000080000000, 0x0000000100000000)
  region size 1024K, 26 young (26624K), 4 survivors (4096K)
 Metaspace       used 45689K, committed 46208K, reserved 1089536K
  class space    used 6079K, committed 6336K, reserved 1048576K
}
Event: 8.181 GC heap after
{Heap after GC invocations=16 (full 0):
 garbage-first heap   total 91136K, used 48396K [0x0000000080000000, 0x0000000100000000)
  region size 1024K, 2 young (2048K), 2 survivors (2048K)
 Metaspace       used 45689K, committed 46208K, reserved 1089536K
  class space    used 6079K, committed 6336K, reserved 1048576K
}
Event: 8.757 GC heap before
{Heap before GC invocations=17 (full 0):
 garbage-first heap   total 91136K, used 70924K [0x0000000080000000, 0x0000000100000000)
  region size 1024K, 24 young (24576K), 2 survivors (2048K)
 Metaspace       used 49741K, committed 50240K, reserved 1097728K
  class space    used 6568K, committed 6784K, reserved 1048576K
}
Event: 8.761 GC heap after
{Heap after GC invocations=18 (full 0):
 garbage-first heap   total 91136K, used 49713K [0x0000000080000000, 0x0000000100000000)
  region size 1024K, 3 young (3072K), 3 survivors (3072K)
 Metaspace       used 49741K, committed 50240K, reserved 1097728K
  class space    used 6568K, committed 6784K, reserved 1048576K
}
Event: 9.153 GC heap before
{Heap before GC invocations=18 (full 0):
 garbage-first heap   total 91136K, used 71217K [0x0000000080000000, 0x0000000100000000)
  region size 1024K, 25 young (25600K), 3 survivors (3072K)
 Metaspace       used 52379K, committed 52864K, reserved 1097728K
  class space    used 6881K, committed 7104K, reserved 1048576K
}
Event: 9.157 GC heap after
{Heap after GC invocations=19 (full 0):
 garbage-first heap   total 91136K, used 52377K [0x0000000080000000, 0x0000000100000000)
  region size 1024K, 4 young (4096K), 4 survivors (4096K)
 Metaspace       used 52379K, committed 52864K, reserved 1097728K
  class space    used 6881K, committed 7104K, reserved 1048576K
}
Event: 9.539 GC heap before
{Heap before GC invocations=20 (full 0):
 garbage-first heap   total 94208K, used 72857K [0x0000000080000000, 0x0000000100000000)
  region size 1024K, 24 young (24576K), 4 survivors (4096K)
 Metaspace       used 54255K, committed 54784K, reserved 1097728K
  class space    used 7110K, committed 7360K, reserved 1048576K
}
Event: 9.544 GC heap after
{Heap after GC invocations=21 (full 0):
 garbage-first heap   total 94208K, used 53794K [0x0000000080000000, 0x0000000100000000)
  region size 1024K, 2 young (2048K), 2 survivors (2048K)
 Metaspace       used 54255K, committed 54784K, reserved 1097728K
  class space    used 7110K, committed 7360K, reserved 1048576K
}
Event: 9.663 GC heap before
{Heap before GC invocations=21 (full 0):
 garbage-first heap   total 94208K, used 56866K [0x0000000080000000, 0x0000000100000000)
  region size 1024K, 7 young (7168K), 2 survivors (2048K)
 Metaspace       used 54708K, committed 55296K, reserved 1097728K
  class space    used 7145K, committed 7424K, reserved 1048576K
}
Event: 9.666 GC heap after
{Heap after GC invocations=22 (full 0):
 garbage-first heap   total 94208K, used 54222K [0x0000000080000000, 0x0000000100000000)
  region size 1024K, 2 young (2048K), 2 survivors (2048K)
 Metaspace       used 54708K, committed 55296K, reserved 1097728K
  class space    used 7145K, committed 7424K, reserved 1048576K
}
Event: 10.107 GC heap before
{Heap before GC invocations=23 (full 0):
 garbage-first heap   total 97280K, used 77774K [0x0000000080000000, 0x0000000100000000)
  region size 1024K, 24 young (24576K), 2 survivors (2048K)
 Metaspace       used 55644K, committed 56128K, reserved 1097728K
  class space    used 7295K, committed 7552K, reserved 1048576K
}
Event: 10.111 GC heap after
{Heap after GC invocations=24 (full 0):
 garbage-first heap   total 97280K, used 56206K [0x0000000080000000, 0x0000000100000000)
  region size 1024K, 3 young (3072K), 3 survivors (3072K)
 Metaspace       used 55644K, committed 56128K, reserved 1097728K
  class space    used 7295K, committed 7552K, reserved 1048576K
}
Event: 10.339 GC heap before
{Heap before GC invocations=24 (full 0):
 garbage-first heap   total 97280K, used 78734K [0x0000000080000000, 0x0000000100000000)
  region size 1024K, 25 young (25600K), 3 survivors (3072K)
 Metaspace       used 55902K, committed 56448K, reserved 1097728K
  class space    used 7324K, committed 7552K, reserved 1048576K
}
Event: 10.345 GC heap after
{Heap after GC invocations=25 (full 0):
 garbage-first heap   total 97280K, used 58143K [0x0000000080000000, 0x0000000100000000)
  region size 1024K, 3 young (3072K), 3 survivors (3072K)
 Metaspace       used 55902K, committed 56448K, reserved 1097728K
  class space    used 7324K, committed 7552K, reserved 1048576K
}
Event: 10.807 GC heap before
{Heap before GC invocations=26 (full 0):
 garbage-first heap   total 104448K, used 77599K [0x0000000080000000, 0x0000000100000000)
  region size 1024K, 22 young (22528K), 3 survivors (3072K)
 Metaspace       used 58298K, committed 58880K, reserved 1105920K
  class space    used 7667K, committed 7936K, reserved 1048576K
}
Event: 10.810 GC heap after
{Heap after GC invocations=27 (full 0):
 garbage-first heap   total 104448K, used 59515K [0x0000000080000000, 0x0000000100000000)
  region size 1024K, 2 young (2048K), 2 survivors (2048K)
 Metaspace       used 58298K, committed 58880K, reserved 1105920K
  class space    used 7667K, committed 7936K, reserved 1048576K
}
Event: 11.341 GC heap before
{Heap before GC invocations=27 (full 0):
 garbage-first heap   total 104448K, used 84091K [0x0000000080000000, 0x0000000100000000)
  region size 1024K, 27 young (27648K), 2 survivors (2048K)
 Metaspace       used 61538K, committed 62080K, reserved 1105920K
  class space    used 8232K, committed 8512K, reserved 1048576K
}
Event: 11.344 GC heap after
{Heap after GC invocations=28 (full 0):
 garbage-first heap   total 104448K, used 60996K [0x0000000080000000, 0x0000000100000000)
  region size 1024K, 3 young (3072K), 3 survivors (3072K)
 Metaspace       used 61538K, committed 62080K, reserved 1105920K
  class space    used 8232K, committed 8512K, reserved 1048576K
}
Event: 11.594 GC heap before
{Heap before GC invocations=29 (full 0):
 garbage-first heap   total 112640K, used 85572K [0x0000000080000000, 0x0000000100000000)
  region size 1024K, 27 young (27648K), 3 survivors (3072K)
 Metaspace       used 62078K, committed 62592K, reserved 1105920K
  class space    used 8310K, committed 8576K, reserved 1048576K
}
Event: 11.601 GC heap after
{Heap after GC invocations=30 (full 0):
 garbage-first heap   total 112640K, used 63208K [0x0000000080000000, 0x0000000100000000)
  region size 1024K, 4 young (4096K), 4 survivors (4096K)
 Metaspace       used 62078K, committed 62592K, reserved 1105920K
  class space    used 8310K, committed 8576K, reserved 1048576K
}

