# JRE version: OpenJDK Runtime Environment (16.0.2+7) (build 16.0.2+7-67)
# Java VM: OpenJDK 64-Bit Server VM (16.0.2+7-67, mixed mode, sharing, tiered, compressed oops, compressed class ptrs, g1 gc, windows-amd64)
GC Precious Log:
 CPUs: 8 total, 8 available
 Memory: 7103M
 Large Page Support: Disabled
 NUMA Support: Disabled
 Compressed Oops: Enabled (32-bit)
 Heap Region Size: 1M
 Heap Min Capacity: 8M
 Heap Initial Capacity: 112M
 Heap Max Capacity: 2G
 Pre-touch: Disabled
 Parallel Workers: 8
 Concurrent Workers: 2
 Concurrent Refinement Workers: 8
 Periodic GC: Disabled
Heap:
 garbage-first heap   total 219136K, used 112024K [0x0000000080000000, 0x0000000100000000)
  region size 1024K, 7 young (7168K), 7 survivors (7168K)
 Metaspace       used 113316K, committed 113920K, reserved 1155072K
  class space    used 15025K, committed 15296K, reserved 1048576K
GC Heap History (20 events):
Event: 23.320 GC heap after
{Heap after GC invocations=52 (full 0):
 garbage-first heap   total 215040K, used 105679K [0x0000000080000000, 0x0000000100000000)
  region size 1024K, 8 young (8192K), 8 survivors (8192K)
 Metaspace       used 99416K, committed 100096K, reserved 1138688K
  class space    used 13719K, committed 14080K, reserved 1048576K
}
Event: 23.347 GC heap before
{Heap before GC invocations=52 (full 0):
 garbage-first heap   total 215040K, used 107727K [0x0000000080000000, 0x0000000100000000)
  region size 1024K, 10 young (10240K), 8 survivors (8192K)
 Metaspace       used 99416K, committed 100096K, reserved 1138688K
  class space    used 13719K, committed 14080K, reserved 1048576K
}
Event: 23.367 GC heap after
{Heap after GC invocations=53 (full 0):
 garbage-first heap   total 215040K, used 96542K [0x0000000080000000, 0x0000000100000000)
  region size 1024K, 1 young (1024K), 1 survivors (1024K)
 Metaspace       used 99416K, committed 100096K, reserved 1138688K
  class space    used 13719K, committed 14080K, reserved 1048576K
}
Event: 23.652 GC heap before
{Heap before GC invocations=53 (full 0):
 garbage-first heap   total 215040K, used 107806K [0x0000000080000000, 0x0000000100000000)
  region size 1024K, 13 young (13312K), 1 survivors (1024K)
 Metaspace       used 100235K, committed 100928K, reserved 1138688K
  class space    used 13838K, committed 14208K, reserved 1048576K
}
Event: 23.655 GC heap after
{Heap after GC invocations=54 (full 0):
 garbage-first heap   total 215040K, used 96996K [0x0000000080000000, 0x0000000100000000)
  region size 1024K, 1 young (1024K), 1 survivors (1024K)
 Metaspace       used 100235K, committed 100928K, reserved 1138688K
  class space    used 13838K, committed 14208K, reserved 1048576K
}
Event: 2333.667 GC heap before
{Heap before GC invocations=55 (full 0):
 garbage-first heap   total 215040K, used 175844K [0x0000000080000000, 0x0000000100000000)
  region size 1024K, 70 young (71680K), 1 survivors (1024K)
 Metaspace       used 104204K, committed 104896K, reserved 1146880K
  class space    used 14159K, committed 14528K, reserved 1048576K
}
Event: 2333.694 GC heap after
{Heap after GC invocations=56 (full 0):
 garbage-first heap   total 215040K, used 97157K [0x0000000080000000, 0x0000000100000000)
  region size 1024K, 1 young (1024K), 1 survivors (1024K)
 Metaspace       used 104204K, committed 104896K, reserved 1146880K
  class space    used 14159K, committed 14528K, reserved 1048576K
}
Event: 5760.375 GC heap before
{Heap before GC invocations=56 (full 0):
 garbage-first heap   total 215040K, used 173957K [0x0000000080000000, 0x0000000100000000)
  region size 1024K, 76 young (77824K), 1 survivors (1024K)
 Metaspace       used 104402K, committed 105152K, reserved 1146880K
  class space    used 14164K, committed 14528K, reserved 1048576K
}
Event: 5760.409 GC heap after
{Heap after GC invocations=57 (full 0):
 garbage-first heap   total 215040K, used 99116K [0x0000000080000000, 0x0000000100000000)
  region size 1024K, 3 young (3072K), 3 survivors (3072K)
 Metaspace       used 104402K, committed 105152K, reserved 1146880K
  class space    used 14164K, committed 14528K, reserved 1048576K
}
Event: 5762.765 GC heap before
{Heap before GC invocations=58 (full 0):
 garbage-first heap   total 215040K, used 174892K [0x0000000080000000, 0x0000000100000000)
  region size 1024K, 78 young (79872K), 3 survivors (3072K)
 Metaspace       used 107057K, committed 107648K, reserved 1146880K
  class space    used 14411K, committed 14720K, reserved 1048576K
}
Event: 5762.842 GC heap after
{Heap after GC invocations=59 (full 0):
 garbage-first heap   total 215040K, used 114188K [0x0000000080000000, 0x0000000100000000)
  region size 1024K, 10 young (10240K), 10 survivors (10240K)
 Metaspace       used 107057K, committed 107648K, reserved 1146880K
  class space    used 14411K, committed 14720K, reserved 1048576K
}
Event: 5762.867 GC heap before
{Heap before GC invocations=59 (full 0):
 garbage-first heap   total 215040K, used 114188K [0x0000000080000000, 0x0000000100000000)
  region size 1024K, 11 young (11264K), 10 survivors (10240K)
 Metaspace       used 107257K, committed 107840K, reserved 1146880K
  class space    used 14441K, committed 14720K, reserved 1048576K
}
Event: 5762.910 GC heap after
{Heap after GC invocations=60 (full 0):
 garbage-first heap   total 215040K, used 105805K [0x0000000080000000, 0x0000000100000000)
  region size 1024K, 2 young (2048K), 2 survivors (2048K)
 Metaspace       used 107257K, committed 107840K, reserved 1146880K
  class space    used 14441K, committed 14720K, reserved 1048576K
}
Event: 5763.164 GC heap before
{Heap before GC invocations=60 (full 0):
 garbage-first heap   total 215040K, used 117069K [0x0000000080000000, 0x0000000100000000)
  region size 1024K, 15 young (15360K), 2 survivors (2048K)
 Metaspace       used 107942K, committed 108544K, reserved 1146880K
  class space    used 14504K, committed 14784K, reserved 1048576K
}
Event: 5763.171 GC heap after
{Heap after GC invocations=61 (full 0):
 garbage-first heap   total 215040K, used 112471K [0x0000000080000000, 0x0000000100000000)
  region size 1024K, 8 young (8192K), 8 survivors (8192K)
 Metaspace       used 107942K, committed 108544K, reserved 1146880K
  class space    used 14504K, committed 14784K, reserved 1048576K
}
Event: 5764.679 GC heap before
{Heap before GC invocations=62 (full 0):
 garbage-first heap   total 219136K, used 179031K [0x0000000080000000, 0x0000000100000000)
  region size 1024K, 59 young (60416K), 8 survivors (8192K)
 Metaspace       used 111878K, committed 112512K, reserved 1146880K
  class space    used 14919K, committed 15232K, reserved 1048576K
}
Event: 5764.688 GC heap after
{Heap after GC invocations=63 (full 0):
 garbage-first heap   total 219136K, used 112857K [0x0000000080000000, 0x0000000100000000)
  region size 1024K, 5 young (5120K), 5 survivors (5120K)
 Metaspace       used 111878K, committed 112512K, reserved 1146880K
  class space    used 14919K, committed 15232K, reserved 1048576K
}
Event: 5764.912 GC heap before
{Heap before GC invocations=63 (full 0):
 garbage-first heap   total 219136K, used 117977K [0x0000000080000000, 0x0000000100000000)
  region size 1024K, 10 young (10240K), 5 survivors (5120K)
 Metaspace       used 112157K, committed 112768K, reserved 1146880K
  class space    used 14940K, committed 15232K, reserved 1048576K
}
Event: 5764.934 GC heap after
{Heap after GC invocations=64 (full 0):
 garbage-first heap   total 219136K, used 104533K [0x0000000080000000, 0x0000000100000000)
  region size 1024K, 1 young (1024K), 1 survivors (1024K)
 Metaspace       used 112157K, committed 112768K, reserved 1146880K
  class space    used 14940K, committed 15232K, reserved 1048576K
}
Event: 5768.226 GC heap before
{Heap before GC invocations=64 (full 0):
 garbage-first heap   total 219136K, used 169045K [0x0000000080000000, 0x0000000100000000)
  region size 1024K, 63 young (64512K), 1 survivors (1024K)
 Metaspace       used 113316K, committed 113920K, reserved 1155072K
  class space    used 15025K, committed 15296K, reserved 1048576K
}

