# JRE version: OpenJDK Runtime Environment (16.0.2+7) (build 16.0.2+7-67)
# Java VM: OpenJDK 64-Bit Server VM (16.0.2+7-67, mixed mode, sharing, tiered, compressed oops, compressed class ptrs, g1 gc, windows-amd64)
GC Precious Log:
 CPUs: 8 total, 8 available
 Memory: 7103M
 Large Page Support: Disabled
 NUMA Support: Disabled
 Compressed Oops: Enabled (32-bit)
 Heap Region Size: 1M
 Heap Min Capacity: 8M
 Heap Initial Capacity: 112M
 Heap Max Capacity: 2G
 Pre-touch: Disabled
 Parallel Workers: 8
 Concurrent Workers: 2
 Concurrent Refinement Workers: 8
 Periodic GC: Disabled
Heap:
 garbage-first heap   total 271360K, used 187392K [0x0000000080000000, 0x0000000100000000)
  region size 1024K, 48 young (49152K), 6 survivors (6144K)
 Metaspace       used 119349K, committed 120256K, reserved 1155072K
  class space    used 15797K, committed 16256K, reserved 1048576K
GC Heap History (20 events):
Event: 967.303 GC heap before
{Heap before GC invocations=65 (full 0):
 garbage-first heap   total 220160K, used 198446K [0x0000000080000000, 0x0000000100000000)
  region size 1024K, 75 young (76800K), 5 survivors (5120K)
 Metaspace       used 106136K, committed 106816K, reserved 1146880K
  class space    used 14293K, committed 14592K, reserved 1048576K
}
Event: 967.310 GC heap after
{Heap after GC invocations=66 (full 0):
 garbage-first heap   total 220160K, used 109871K [0x0000000080000000, 0x0000000100000000)
  region size 1024K, 6 young (6144K), 6 survivors (6144K)
 Metaspace       used 106136K, committed 106816K, reserved 1146880K
  class space    used 14293K, committed 14592K, reserved 1048576K
}
Event: 967.367 GC heap before
{Heap before GC invocations=66 (full 0):
 garbage-first heap   total 220160K, used 113967K [0x0000000080000000, 0x0000000100000000)
  region size 1024K, 10 young (10240K), 6 survivors (6144K)
 Metaspace       used 106444K, committed 107136K, reserved 1146880K
  class space    used 14317K, committed 14656K, reserved 1048576K
}
Event: 967.384 GC heap after
{Heap after GC invocations=67 (full 0):
 garbage-first heap   total 220160K, used 100066K [0x0000000080000000, 0x0000000100000000)
  region size 1024K, 2 young (2048K), 2 survivors (2048K)
 Metaspace       used 106444K, committed 107136K, reserved 1146880K
  class space    used 14317K, committed 14656K, reserved 1048576K
}
Event: 972.256 GC heap before
{Heap before GC invocations=67 (full 0):
 garbage-first heap   total 220160K, used 183010K [0x0000000080000000, 0x0000000100000000)
  region size 1024K, 84 young (86016K), 2 survivors (2048K)
 Metaspace       used 108685K, committed 109312K, reserved 1146880K
  class space    used 14559K, committed 14848K, reserved 1048576K
}
Event: 972.267 GC heap after
{Heap after GC invocations=68 (full 0):
 garbage-first heap   total 220160K, used 104461K [0x0000000080000000, 0x0000000100000000)
  region size 1024K, 6 young (6144K), 6 survivors (6144K)
 Metaspace       used 108685K, committed 109312K, reserved 1146880K
  class space    used 14559K, committed 14848K, reserved 1048576K
}
Event: 973.554 GC heap before
{Heap before GC invocations=69 (full 0):
 garbage-first heap   total 220160K, used 145421K [0x0000000080000000, 0x0000000100000000)
  region size 1024K, 48 young (49152K), 6 survivors (6144K)
 Metaspace       used 115777K, committed 116544K, reserved 1155072K
  class space    used 15432K, committed 15808K, reserved 1048576K
}
Event: 973.565 GC heap after
{Heap after GC invocations=70 (full 0):
 garbage-first heap   total 220160K, used 112584K [0x0000000080000000, 0x0000000100000000)
  region size 1024K, 11 young (11264K), 11 survivors (11264K)
 Metaspace       used 115777K, committed 116544K, reserved 1155072K
  class space    used 15432K, committed 15808K, reserved 1048576K
}
Event: 975.443 GC heap before
{Heap before GC invocations=71 (full 0):
 garbage-first heap   total 220160K, used 179144K [0x0000000080000000, 0x0000000100000000)
  region size 1024K, 75 young (76800K), 11 survivors (11264K)
 Metaspace       used 117868K, committed 118656K, reserved 1155072K
  class space    used 15684K, committed 16064K, reserved 1048576K
}
Event: 975.455 GC heap after
{Heap after GC invocations=72 (full 0):
 garbage-first heap   total 220160K, used 116291K [0x0000000080000000, 0x0000000100000000)
  region size 1024K, 4 young (4096K), 4 survivors (4096K)
 Metaspace       used 117868K, committed 118656K, reserved 1155072K
  class space    used 15684K, committed 16064K, reserved 1048576K
}
Event: 975.546 GC heap before
{Heap before GC invocations=72 (full 0):
 garbage-first heap   total 220160K, used 124483K [0x0000000080000000, 0x0000000100000000)
  region size 1024K, 13 young (13312K), 4 survivors (4096K)
 Metaspace       used 117892K, committed 118656K, reserved 1155072K
  class space    used 15687K, committed 16064K, reserved 1048576K
}
Event: 975.550 GC heap after
{Heap after GC invocations=73 (full 0):
 garbage-first heap   total 220160K, used 115006K [0x0000000080000000, 0x0000000100000000)
  region size 1024K, 3 young (3072K), 3 survivors (3072K)
 Metaspace       used 117892K, committed 118656K, reserved 1155072K
  class space    used 15687K, committed 16064K, reserved 1048576K
}
Event: 1114.544 GC heap before
{Heap before GC invocations=74 (full 0):
 garbage-first heap   total 222208K, used 190782K [0x0000000080000000, 0x0000000100000000)
  region size 1024K, 64 young (65536K), 3 survivors (3072K)
 Metaspace       used 118371K, committed 119168K, reserved 1155072K
  class space    used 15714K, committed 16128K, reserved 1048576K
}
Event: 1114.554 GC heap after
{Heap after GC invocations=75 (full 0):
 garbage-first heap   total 222208K, used 120619K [0x0000000080000000, 0x0000000100000000)
  region size 1024K, 9 young (9216K), 9 survivors (9216K)
 Metaspace       used 118371K, committed 119168K, reserved 1155072K
  class space    used 15714K, committed 16128K, reserved 1048576K
}
Event: 1115.102 GC heap before
{Heap before GC invocations=76 (full 0):
 garbage-first heap   total 222208K, used 158507K [0x0000000080000000, 0x0000000100000000)
  region size 1024K, 48 young (49152K), 9 survivors (9216K)
 Metaspace       used 118445K, committed 119232K, reserved 1155072K
  class space    used 15714K, committed 16128K, reserved 1048576K
}
Event: 1115.126 GC heap after
{Heap after GC invocations=77 (full 0):
 garbage-first heap   total 222208K, used 141044K [0x0000000080000000, 0x0000000100000000)
  region size 1024K, 9 young (9216K), 9 survivors (9216K)
 Metaspace       used 118445K, committed 119232K, reserved 1155072K
  class space    used 15714K, committed 16128K, reserved 1048576K
}
Event: 1115.661 GC heap before
{Heap before GC invocations=78 (full 0):
 garbage-first heap   total 271360K, used 187124K [0x0000000080000000, 0x0000000100000000)
  region size 1024K, 38 young (38912K), 9 survivors (9216K)
 Metaspace       used 118575K, committed 119424K, reserved 1155072K
  class space    used 15720K, committed 16128K, reserved 1048576K
}
Event: 1115.674 GC heap after
{Heap after GC invocations=79 (full 0):
 garbage-first heap   total 271360K, used 144994K [0x0000000080000000, 0x0000000100000000)
  region size 1024K, 4 young (4096K), 4 survivors (4096K)
 Metaspace       used 118575K, committed 119424K, reserved 1155072K
  class space    used 15720K, committed 16128K, reserved 1048576K
}
Event: 1128.112 GC heap before
{Heap before GC invocations=79 (full 0):
 garbage-first heap   total 271360K, used 202338K [0x0000000080000000, 0x0000000100000000)
  region size 1024K, 61 young (62464K), 4 survivors (4096K)
 Metaspace       used 119176K, committed 120064K, reserved 1155072K
  class space    used 15780K, committed 16192K, reserved 1048576K
}
Event: 1128.119 GC heap after
{Heap after GC invocations=80 (full 0):
 garbage-first heap   total 271360K, used 147456K [0x0000000080000000, 0x0000000100000000)
  region size 1024K, 6 young (6144K), 6 survivors (6144K)
 Metaspace       used 119176K, committed 120064K, reserved 1155072K
  class space    used 15780K, committed 16192K, reserved 1048576K
}

