# JRE version: OpenJDK Runtime Environment (16.0.2+7) (build 16.0.2+7-67)
# Java VM: OpenJDK 64-Bit Server VM (16.0.2+7-67, mixed mode, sharing, tiered, compressed oops, compressed class ptrs, g1 gc, windows-amd64)
GC Precious Log:
 CPUs: 8 total, 8 available
 Memory: 7103M
 Large Page Support: Disabled
 NUMA Support: Disabled
 Compressed Oops: Enabled (32-bit)
 Heap Region Size: 1M
 Heap Min Capacity: 8M
 Heap Initial Capacity: 112M
 Heap Max Capacity: 2G
 Pre-touch: Disabled
 Parallel Workers: 8
 Concurrent Workers: 2
 Concurrent Refinement Workers: 8
 Periodic GC: Disabled
Heap:
 garbage-first heap   total 444416K, used 268580K [0x0000000080000000, 0x0000000100000000)
  region size 1024K, 134 young (137216K), 3 survivors (3072K)
 Metaspace       used 110783K, committed 111424K, reserved 1146880K
  class space    used 14925K, committed 15232K, reserved 1048576K
GC Heap History (20 events):
Event: 29.090 GC heap before
{Heap before GC invocations=49 (full 0):
 garbage-first heap   total 195584K, used 153568K [0x0000000080000000, 0x0000000100000000)
  region size 1024K, 49 young (50176K), 8 survivors (8192K)
 Metaspace       used 85686K, committed 86272K, reserved 1130496K
  class space    used 11268K, committed 11584K, reserved 1048576K
}
Event: 29.102 GC heap after
{Heap after GC invocations=50 (full 0):
 garbage-first heap   total 195584K, used 112327K [0x0000000080000000, 0x0000000100000000)
  region size 1024K, 4 young (4096K), 4 survivors (4096K)
 Metaspace       used 85686K, committed 86272K, reserved 1130496K
  class space    used 11268K, committed 11584K, reserved 1048576K
}
Event: 29.923 GC heap before
{Heap before GC invocations=51 (full 0):
 garbage-first heap   total 195584K, used 154311K [0x0000000080000000, 0x0000000100000000)
  region size 1024K, 46 young (47104K), 4 survivors (4096K)
 Metaspace       used 85862K, committed 86592K, reserved 1130496K
  class space    used 11297K, committed 11648K, reserved 1048576K
}
Event: 29.935 GC heap after
{Heap after GC invocations=52 (full 0):
 garbage-first heap   total 195584K, used 114788K [0x0000000080000000, 0x0000000100000000)
  region size 1024K, 3 young (3072K), 3 survivors (3072K)
 Metaspace       used 85862K, committed 86592K, reserved 1130496K
  class space    used 11297K, committed 11648K, reserved 1048576K
}
Event: 30.428 GC heap before
{Heap before GC invocations=52 (full 0):
 garbage-first heap   total 195584K, used 156772K [0x0000000080000000, 0x0000000100000000)
  region size 1024K, 45 young (46080K), 3 survivors (3072K)
 Metaspace       used 85902K, committed 86592K, reserved 1130496K
  class space    used 11298K, committed 11648K, reserved 1048576K
}
Event: 30.434 GC heap after
{Heap after GC invocations=53 (full 0):
 garbage-first heap   total 195584K, used 116446K [0x0000000080000000, 0x0000000100000000)
  region size 1024K, 5 young (5120K), 5 survivors (5120K)
 Metaspace       used 85902K, committed 86592K, reserved 1130496K
  class space    used 11298K, committed 11648K, reserved 1048576K
}
Event: 33.135 GC heap before
{Heap before GC invocations=54 (full 0):
 garbage-first heap   total 201728K, used 161502K [0x0000000080000000, 0x0000000100000000)
  region size 1024K, 47 young (48128K), 5 survivors (5120K)
 Metaspace       used 89802K, committed 90432K, reserved 1130496K
  class space    used 11895K, committed 12224K, reserved 1048576K
}
Event: 33.146 GC heap after
{Heap after GC invocations=55 (full 0):
 garbage-first heap   total 201728K, used 119330K [0x0000000080000000, 0x0000000100000000)
  region size 1024K, 6 young (6144K), 6 survivors (6144K)
 Metaspace       used 89802K, committed 90432K, reserved 1130496K
  class space    used 11895K, committed 12224K, reserved 1048576K
}
Event: 33.169 GC heap before
{Heap before GC invocations=55 (full 0):
 garbage-first heap   total 201728K, used 122402K [0x0000000080000000, 0x0000000100000000)
  region size 1024K, 9 young (9216K), 6 survivors (6144K)
 Metaspace       used 89853K, committed 90496K, reserved 1130496K
  class space    used 11898K, committed 12224K, reserved 1048576K
}
Event: 33.188 GC heap after
{Heap after GC invocations=56 (full 0):
 garbage-first heap   total 201728K, used 103554K [0x0000000080000000, 0x0000000100000000)
  region size 1024K, 2 young (2048K), 2 survivors (2048K)
 Metaspace       used 89853K, committed 90496K, reserved 1130496K
  class space    used 11898K, committed 12224K, reserved 1048576K
}
Event: 34.229 GC heap before
{Heap before GC invocations=56 (full 0):
 garbage-first heap   total 201728K, used 160898K [0x0000000080000000, 0x0000000100000000)
  region size 1024K, 59 young (60416K), 2 survivors (2048K)
 Metaspace       used 96707K, committed 97344K, reserved 1138688K
  class space    used 13274K, committed 13568K, reserved 1048576K
}
Event: 34.252 GC heap after
{Heap after GC invocations=57 (full 0):
 garbage-first heap   total 201728K, used 112453K [0x0000000080000000, 0x0000000100000000)
  region size 1024K, 8 young (8192K), 8 survivors (8192K)
 Metaspace       used 96707K, committed 97344K, reserved 1138688K
  class space    used 13274K, committed 13568K, reserved 1048576K
}
Event: 34.902 GC heap before
{Heap before GC invocations=58 (full 0):
 garbage-first heap   total 203776K, used 163653K [0x0000000080000000, 0x0000000100000000)
  region size 1024K, 58 young (59392K), 8 survivors (8192K)
 Metaspace       used 98846K, committed 99520K, reserved 1138688K
  class space    used 13559K, committed 13888K, reserved 1048576K
}
Event: 34.913 GC heap after
{Heap after GC invocations=59 (full 0):
 garbage-first heap   total 203776K, used 116198K [0x0000000080000000, 0x0000000100000000)
  region size 1024K, 4 young (4096K), 4 survivors (4096K)
 Metaspace       used 98846K, committed 99520K, reserved 1138688K
  class space    used 13559K, committed 13888K, reserved 1048576K
}
Event: 35.335 GC heap before
{Heap before GC invocations=59 (full 0):
 garbage-first heap   total 203776K, used 166374K [0x0000000080000000, 0x0000000100000000)
  region size 1024K, 54 young (55296K), 4 survivors (4096K)
 Metaspace       used 99446K, committed 100096K, reserved 1138688K
  class space    used 13651K, committed 13952K, reserved 1048576K
}
Event: 35.342 GC heap after
{Heap after GC invocations=60 (full 0):
 garbage-first heap   total 203776K, used 114900K [0x0000000080000000, 0x0000000100000000)
  region size 1024K, 3 young (3072K), 3 survivors (3072K)
 Metaspace       used 99446K, committed 100096K, reserved 1138688K
  class space    used 13651K, committed 13952K, reserved 1048576K
}
Event: 35.908 GC heap before
{Heap before GC invocations=61 (full 0):
 garbage-first heap   total 227328K, used 168148K [0x0000000080000000, 0x0000000100000000)
  region size 1024K, 55 young (56320K), 3 survivors (3072K)
 Metaspace       used 100032K, committed 100672K, reserved 1138688K
  class space    used 13711K, committed 14016K, reserved 1048576K
}
Event: 35.914 GC heap after
{Heap after GC invocations=62 (full 0):
 garbage-first heap   total 227328K, used 116257K [0x0000000080000000, 0x0000000100000000)
  region size 1024K, 4 young (4096K), 4 survivors (4096K)
 Metaspace       used 100032K, committed 100672K, reserved 1138688K
  class space    used 13711K, committed 14016K, reserved 1048576K
}
Event: 36.949 GC heap before
{Heap before GC invocations=62 (full 0):
 garbage-first heap   total 227328K, used 183841K [0x0000000080000000, 0x0000000100000000)
  region size 1024K, 71 young (72704K), 4 survivors (4096K)
 Metaspace       used 100672K, committed 101376K, reserved 1138688K
  class space    used 13763K, committed 14080K, reserved 1048576K
}
Event: 36.957 GC heap after
{Heap after GC invocations=63 (full 0):
 garbage-first heap   total 455680K, used 114980K [0x0000000080000000, 0x0000000100000000)
  region size 1024K, 3 young (3072K), 3 survivors (3072K)
 Metaspace       used 100672K, committed 101376K, reserved 1138688K
  class space    used 13763K, committed 14080K, reserved 1048576K
}

