# JRE version: OpenJDK Runtime Environment (16.0.2+7) (build 16.0.2+7-67)
# Java VM: OpenJDK 64-Bit Server VM (16.0.2+7-67, mixed mode, sharing, tiered, compressed oops, compressed class ptrs, g1 gc, windows-amd64)
GC Precious Log:
 CPUs: 8 total, 8 available
 Memory: 7103M
 Large Page Support: Disabled
 NUMA Support: Disabled
 Compressed Oops: Enabled (32-bit)
 Heap Region Size: 1M
 Heap Min Capacity: 8M
 Heap Initial Capacity: 112M
 Heap Max Capacity: 2G
 Pre-touch: Disabled
 Parallel Workers: 8
 Concurrent Workers: 2
 Concurrent Refinement Workers: 8
 Periodic GC: Disabled
Heap:
 garbage-first heap   total 87040K, used 52332K [0x0000000080000000, 0x0000000100000000)
  region size 1024K, 5 young (5120K), 2 survivors (2048K)
 Metaspace       used 40049K, committed 40512K, reserved 1089536K
  class space    used 5410K, committed 5632K, reserved 1048576K
GC Heap History (20 events):
Event: 2.920 GC heap before
{Heap before GC invocations=2 (full 0):
 garbage-first heap   total 114688K, used 78759K [0x0000000080000000, 0x0000000100000000)
  region size 1024K, 67 young (68608K), 2 survivors (2048K)
 Metaspace       used 14829K, committed 15104K, reserved 1064960K
  class space    used 2138K, committed 2304K, reserved 1048576K
}
Event: 2.927 GC heap after
{Heap after GC invocations=3 (full 0):
 garbage-first heap   total 114688K, used 18796K [0x0000000080000000, 0x0000000100000000)
  region size 1024K, 9 young (9216K), 9 survivors (9216K)
 Metaspace       used 14829K, committed 15104K, reserved 1064960K
  class space    used 2138K, committed 2304K, reserved 1048576K
}
Event: 3.924 GC heap before
{Heap before GC invocations=3 (full 0):
 garbage-first heap   total 114688K, used 59756K [0x0000000080000000, 0x0000000100000000)
  region size 1024K, 51 young (52224K), 9 survivors (9216K)
 Metaspace       used 21036K, committed 21248K, reserved 1073152K
  class space    used 3087K, committed 3200K, reserved 1048576K
}
Event: 3.931 GC heap after
{Heap after GC invocations=4 (full 0):
 garbage-first heap   total 114688K, used 21691K [0x0000000080000000, 0x0000000100000000)
  region size 1024K, 3 young (3072K), 3 survivors (3072K)
 Metaspace       used 21036K, committed 21248K, reserved 1073152K
  class space    used 3087K, committed 3200K, reserved 1048576K
}
Event: 4.668 GC heap before
{Heap before GC invocations=5 (full 0):
 garbage-first heap   total 78848K, used 64699K [0x0000000080000000, 0x0000000100000000)
  region size 1024K, 46 young (47104K), 3 survivors (3072K)
 Metaspace       used 27665K, committed 27968K, reserved 1073152K
  class space    used 3844K, committed 3968K, reserved 1048576K
}
Event: 4.675 GC heap after
{Heap after GC invocations=6 (full 0):
 garbage-first heap   total 78848K, used 27092K [0x0000000080000000, 0x0000000100000000)
  region size 1024K, 6 young (6144K), 6 survivors (6144K)
 Metaspace       used 27665K, committed 27968K, reserved 1073152K
  class space    used 3844K, committed 3968K, reserved 1048576K
}
Event: 5.369 GC heap before
{Heap before GC invocations=6 (full 0):
 garbage-first heap   total 78848K, used 59860K [0x0000000080000000, 0x0000000100000000)
  region size 1024K, 36 young (36864K), 6 survivors (6144K)
 Metaspace       used 30958K, committed 31296K, reserved 1081344K
  class space    used 4219K, committed 4416K, reserved 1048576K
}
Event: 5.377 GC heap after
{Heap after GC invocations=7 (full 0):
 garbage-first heap   total 78848K, used 30848K [0x0000000080000000, 0x0000000100000000)
  region size 1024K, 4 young (4096K), 4 survivors (4096K)
 Metaspace       used 30958K, committed 31296K, reserved 1081344K
  class space    used 4219K, committed 4416K, reserved 1048576K
}
Event: 6.069 GC heap before
{Heap before GC invocations=7 (full 0):
 garbage-first heap   total 78848K, used 58496K [0x0000000080000000, 0x0000000100000000)
  region size 1024K, 31 young (31744K), 4 survivors (4096K)
 Metaspace       used 34930K, committed 35328K, reserved 1081344K
  class space    used 4728K, committed 4928K, reserved 1048576K
}
Event: 6.075 GC heap after
{Heap after GC invocations=8 (full 0):
 garbage-first heap   total 78848K, used 32548K [0x0000000080000000, 0x0000000100000000)
  region size 1024K, 2 young (2048K), 2 survivors (2048K)
 Metaspace       used 34930K, committed 35328K, reserved 1081344K
  class space    used 4728K, committed 4928K, reserved 1048576K
}
Event: 6.143 GC heap before
{Heap before GC invocations=8 (full 0):
 garbage-first heap   total 78848K, used 34596K [0x0000000080000000, 0x0000000100000000)
  region size 1024K, 5 young (5120K), 2 survivors (2048K)
 Metaspace       used 35272K, committed 35648K, reserved 1081344K
  class space    used 4780K, committed 4928K, reserved 1048576K
}
Event: 6.146 GC heap after
{Heap after GC invocations=9 (full 0):
 garbage-first heap   total 78848K, used 32628K [0x0000000080000000, 0x0000000100000000)
  region size 1024K, 3 young (3072K), 3 survivors (3072K)
 Metaspace       used 35272K, committed 35648K, reserved 1081344K
  class space    used 4780K, committed 4928K, reserved 1048576K
}
Event: 6.794 GC heap before
{Heap before GC invocations=10 (full 0):
 garbage-first heap   total 78848K, used 60276K [0x0000000080000000, 0x0000000100000000)
  region size 1024K, 30 young (30720K), 3 survivors (3072K)
 Metaspace       used 38006K, committed 38336K, reserved 1089536K
  class space    used 5159K, committed 5312K, reserved 1048576K
}
Event: 6.798 GC heap after
{Heap after GC invocations=11 (full 0):
 garbage-first heap   total 78848K, used 34911K [0x0000000080000000, 0x0000000100000000)
  region size 1024K, 4 young (4096K), 4 survivors (4096K)
 Metaspace       used 38006K, committed 38336K, reserved 1089536K
  class space    used 5159K, committed 5312K, reserved 1048576K
}
Event: 7.295 GC heap before
{Heap before GC invocations=11 (full 0):
 garbage-first heap   total 78848K, used 63583K [0x0000000080000000, 0x0000000100000000)
  region size 1024K, 30 young (30720K), 4 survivors (4096K)
 Metaspace       used 38817K, committed 39232K, reserved 1089536K
  class space    used 5240K, committed 5440K, reserved 1048576K
}
Event: 7.300 GC heap after
{Heap after GC invocations=12 (full 0):
 garbage-first heap   total 78848K, used 42695K [0x0000000080000000, 0x0000000100000000)
  region size 1024K, 4 young (4096K), 4 survivors (4096K)
 Metaspace       used 38817K, committed 39232K, reserved 1089536K
  class space    used 5240K, committed 5440K, reserved 1048576K
}
Event: 7.338 GC heap before
{Heap before GC invocations=12 (full 0):
 garbage-first heap   total 78848K, used 44743K [0x0000000080000000, 0x0000000100000000)
  region size 1024K, 8 young (8192K), 4 survivors (4096K)
 Metaspace       used 38824K, committed 39232K, reserved 1089536K
  class space    used 5240K, committed 5440K, reserved 1048576K
}
Event: 7.341 GC heap after
{Heap after GC invocations=13 (full 0):
 garbage-first heap   total 78848K, used 45933K [0x0000000080000000, 0x0000000100000000)
  region size 1024K, 3 young (3072K), 3 survivors (3072K)
 Metaspace       used 38824K, committed 39232K, reserved 1089536K
  class space    used 5240K, committed 5440K, reserved 1048576K
}
Event: 7.562 GC heap before
{Heap before GC invocations=14 (full 0):
 garbage-first heap   total 87040K, used 58221K [0x0000000080000000, 0x0000000100000000)
  region size 1024K, 13 young (13312K), 3 survivors (3072K)
 Metaspace       used 39614K, committed 40000K, reserved 1089536K
  class space    used 5343K, committed 5504K, reserved 1048576K
}
Event: 7.565 GC heap after
{Heap after GC invocations=15 (full 0):
 garbage-first heap   total 87040K, used 50284K [0x0000000080000000, 0x0000000100000000)
  region size 1024K, 2 young (2048K), 2 survivors (2048K)
 Metaspace       used 39614K, committed 40000K, reserved 1089536K
  class space    used 5343K, committed 5504K, reserved 1048576K
}

