# JRE version: OpenJDK Runtime Environment (16.0.2+7) (build 16.0.2+7-67)
# Java VM: OpenJDK 64-Bit Server VM (16.0.2+7-67, mixed mode, sharing, tiered, compressed oops, compressed class ptrs, g1 gc, windows-amd64)
GC Precious Log:
 CPUs: 8 total, 8 available
 Memory: 7103M
 Large Page Support: Disabled
 NUMA Support: Disabled
 Compressed Oops: Enabled (32-bit)
 Heap Region Size: 1M
 Heap Min Capacity: 8M
 Heap Initial Capacity: 112M
 Heap Max Capacity: 2G
 Pre-touch: Disabled
 Parallel Workers: 8
 Concurrent Workers: 2
 Concurrent Refinement Workers: 8
 Periodic GC: Disabled
Heap:
 garbage-first heap   total 87040K, used 51073K [0x0000000080000000, 0x0000000100000000)
  region size 1024K, 3 young (3072K), 3 survivors (3072K)
 Metaspace       used 49876K, committed 50432K, reserved 1097728K
  class space    used 6581K, committed 6848K, reserved 1048576K
GC Heap History (20 events):
Event: 6.148 GC heap after
{Heap after GC invocations=8 (full 0):
 garbage-first heap   total 75776K, used 31238K [0x0000000080000000, 0x0000000100000000)
  region size 1024K, 3 young (3072K), 3 survivors (3072K)
 Metaspace       used 34334K, committed 34688K, reserved 1081344K
  class space    used 4632K, committed 4800K, reserved 1048576K
}
Event: 6.322 GC heap before
{Heap before GC invocations=8 (full 0):
 garbage-first heap   total 75776K, used 37382K [0x0000000080000000, 0x0000000100000000)
  region size 1024K, 11 young (11264K), 3 survivors (3072K)
 Metaspace       used 35172K, committed 35520K, reserved 1081344K
  class space    used 4762K, committed 4928K, reserved 1048576K
}
Event: 6.325 GC heap after
{Heap after GC invocations=9 (full 0):
 garbage-first heap   total 75776K, used 31563K [0x0000000080000000, 0x0000000100000000)
  region size 1024K, 3 young (3072K), 3 survivors (3072K)
 Metaspace       used 35172K, committed 35520K, reserved 1081344K
  class space    used 4762K, committed 4928K, reserved 1048576K
}
Event: 7.068 GC heap before
{Heap before GC invocations=10 (full 0):
 garbage-first heap   total 75776K, used 58187K [0x0000000080000000, 0x0000000100000000)
  region size 1024K, 29 young (29696K), 3 survivors (3072K)
 Metaspace       used 37916K, committed 38336K, reserved 1089536K
  class space    used 5141K, committed 5312K, reserved 1048576K
}
Event: 7.073 GC heap after
{Heap after GC invocations=11 (full 0):
 garbage-first heap   total 75776K, used 33904K [0x0000000080000000, 0x0000000100000000)
  region size 1024K, 3 young (3072K), 3 survivors (3072K)
 Metaspace       used 37916K, committed 38336K, reserved 1089536K
  class space    used 5141K, committed 5312K, reserved 1048576K
}
Event: 7.780 GC heap before
{Heap before GC invocations=11 (full 0):
 garbage-first heap   total 75776K, used 57456K [0x0000000080000000, 0x0000000100000000)
  region size 1024K, 27 young (27648K), 3 survivors (3072K)
 Metaspace       used 38809K, committed 39296K, reserved 1089536K
  class space    used 5231K, committed 5440K, reserved 1048576K
}
Event: 7.784 GC heap after
{Heap after GC invocations=12 (full 0):
 garbage-first heap   total 75776K, used 36246K [0x0000000080000000, 0x0000000100000000)
  region size 1024K, 3 young (3072K), 3 survivors (3072K)
 Metaspace       used 38809K, committed 39296K, reserved 1089536K
  class space    used 5231K, committed 5440K, reserved 1048576K
}
Event: 7.802 GC heap before
{Heap before GC invocations=12 (full 0):
 garbage-first heap   total 75776K, used 37270K [0x0000000080000000, 0x0000000100000000)
  region size 1024K, 5 young (5120K), 3 survivors (3072K)
 Metaspace       used 38823K, committed 39296K, reserved 1089536K
  class space    used 5235K, committed 5440K, reserved 1048576K
}
Event: 7.806 GC heap after
{Heap after GC invocations=13 (full 0):
 garbage-first heap   total 75776K, used 36813K [0x0000000080000000, 0x0000000100000000)
  region size 1024K, 1 young (1024K), 1 survivors (1024K)
 Metaspace       used 38823K, committed 39296K, reserved 1089536K
  class space    used 5235K, committed 5440K, reserved 1048576K
}
Event: 7.945 GC heap before
{Heap before GC invocations=14 (full 0):
 garbage-first heap   total 75776K, used 45005K [0x0000000080000000, 0x0000000100000000)
  region size 1024K, 7 young (7168K), 1 survivors (1024K)
 Metaspace       used 38847K, committed 39296K, reserved 1089536K
  class space    used 5235K, committed 5440K, reserved 1048576K
}
Event: 7.946 GC heap after
{Heap after GC invocations=15 (full 0):
 garbage-first heap   total 75776K, used 43919K [0x0000000080000000, 0x0000000100000000)
  region size 1024K, 3 young (3072K), 3 survivors (3072K)
 Metaspace       used 38847K, committed 39296K, reserved 1089536K
  class space    used 5235K, committed 5440K, reserved 1048576K
}
Event: 8.175 GC heap before
{Heap before GC invocations=16 (full 0):
 garbage-first heap   total 81920K, used 56207K [0x0000000080000000, 0x0000000100000000)
  region size 1024K, 14 young (14336K), 3 survivors (3072K)
 Metaspace       used 39740K, committed 40192K, reserved 1089536K
  class space    used 5357K, committed 5568K, reserved 1048576K
}
Event: 8.179 GC heap after
{Heap after GC invocations=17 (full 0):
 garbage-first heap   total 81920K, used 48319K [0x0000000080000000, 0x0000000100000000)
  region size 1024K, 2 young (2048K), 2 survivors (2048K)
 Metaspace       used 39740K, committed 40192K, reserved 1089536K
  class space    used 5357K, committed 5568K, reserved 1048576K
}
Event: 8.386 GC heap before
{Heap before GC invocations=17 (full 0):
 garbage-first heap   total 81920K, used 59583K [0x0000000080000000, 0x0000000100000000)
  region size 1024K, 14 young (14336K), 2 survivors (2048K)
 Metaspace       used 41544K, committed 41984K, reserved 1089536K
  class space    used 5572K, committed 5760K, reserved 1048576K
}
Event: 8.389 GC heap after
{Heap after GC invocations=18 (full 0):
 garbage-first heap   total 81920K, used 48856K [0x0000000080000000, 0x0000000100000000)
  region size 1024K, 1 young (1024K), 1 survivors (1024K)
 Metaspace       used 41544K, committed 41984K, reserved 1089536K
  class space    used 5572K, committed 5760K, reserved 1048576K
}
Event: 8.668 GC heap before
{Heap before GC invocations=19 (full 0):
 garbage-first heap   total 87040K, used 62168K [0x0000000080000000, 0x0000000100000000)
  region size 1024K, 14 young (14336K), 1 survivors (1024K)
 Metaspace       used 43722K, committed 44160K, reserved 1089536K
  class space    used 5840K, committed 6080K, reserved 1048576K
}
Event: 8.671 GC heap after
{Heap after GC invocations=20 (full 0):
 garbage-first heap   total 87040K, used 49328K [0x0000000080000000, 0x0000000100000000)
  region size 1024K, 1 young (1024K), 1 survivors (1024K)
 Metaspace       used 43722K, committed 44160K, reserved 1089536K
  class space    used 5840K, committed 6080K, reserved 1048576K
}
Event: 9.039 GC heap before
{Heap before GC invocations=20 (full 0):
 garbage-first heap   total 87040K, used 65712K [0x0000000080000000, 0x0000000100000000)
  region size 1024K, 17 young (17408K), 1 survivors (1024K)
 Metaspace       used 46802K, committed 47296K, reserved 1097728K
  class space    used 6199K, committed 6400K, reserved 1048576K
}
Event: 9.042 GC heap after
{Heap after GC invocations=21 (full 0):
 garbage-first heap   total 87040K, used 49964K [0x0000000080000000, 0x0000000100000000)
  region size 1024K, 2 young (2048K), 2 survivors (2048K)
 Metaspace       used 46802K, committed 47296K, reserved 1097728K
  class space    used 6199K, committed 6400K, reserved 1048576K
}
Event: 9.616 GC heap before
{Heap before GC invocations=22 (full 0):
 garbage-first heap   total 87040K, used 67372K [0x0000000080000000, 0x0000000100000000)
  region size 1024K, 19 young (19456K), 2 survivors (2048K)
 Metaspace       used 49876K, committed 50432K, reserved 1097728K
  class space    used 6581K, committed 6848K, reserved 1048576K
}

