# JRE version: OpenJDK Runtime Environment (16.0.2+7) (build 16.0.2+7-67)
# Java VM: OpenJDK 64-Bit Server VM (16.0.2+7-67, mixed mode, sharing, tiered, compressed oops, compressed class ptrs, g1 gc, windows-amd64)
GC Precious Log:
 CPUs: 8 total, 8 available
 Memory: 7103M
 Large Page Support: Disabled
 NUMA Support: Disabled
 Compressed Oops: Enabled (32-bit)
 Heap Region Size: 1M
 Heap Min Capacity: 8M
 Heap Initial Capacity: 112M
 Heap Max Capacity: 2G
 Pre-touch: Disabled
 Parallel Workers: 8
 Concurrent Workers: 2
 Concurrent Refinement Workers: 8
 Periodic GC: Disabled
Heap:
 garbage-first heap   total 436224K, used 143228K [0x0000000080000000, 0x0000000100000000)
  region size 1024K, 21 young (21504K), 10 survivors (10240K)
 Metaspace       used 109174K, committed 109888K, reserved 1146880K
  class space    used 14699K, committed 15040K, reserved 1048576K
GC Heap History (20 events):
Event: 13.695 GC heap before
{Heap before GC invocations=30 (full 0):
 garbage-first heap   total 214016K, used 156490K [0x0000000080000000, 0x0000000100000000)
  region size 1024K, 39 young (39936K), 7 survivors (7168K)
 Metaspace       used 80989K, committed 81600K, reserved 1122304K
  class space    used 10786K, committed 11072K, reserved 1048576K
}
Event: 13.705 GC heap after
{Heap after GC invocations=31 (full 0):
 garbage-first heap   total 214016K, used 110000K [0x0000000080000000, 0x0000000100000000)
  region size 1024K, 3 young (3072K), 3 survivors (3072K)
 Metaspace       used 80989K, committed 81600K, reserved 1122304K
  class space    used 10786K, committed 11072K, reserved 1048576K
}
Event: 14.082 GC heap before
{Heap before GC invocations=31 (full 0):
 garbage-first heap   total 214016K, used 159152K [0x0000000080000000, 0x0000000100000000)
  region size 1024K, 52 young (53248K), 3 survivors (3072K)
 Metaspace       used 81399K, committed 82048K, reserved 1122304K
  class space    used 10812K, committed 11136K, reserved 1048576K
}
Event: 14.090 GC heap after
{Heap after GC invocations=32 (full 0):
 garbage-first heap   total 214016K, used 114216K [0x0000000080000000, 0x0000000100000000)
  region size 1024K, 7 young (7168K), 7 survivors (7168K)
 Metaspace       used 81399K, committed 82048K, reserved 1122304K
  class space    used 10812K, committed 11136K, reserved 1048576K
}
Event: 14.624 GC heap before
{Heap before GC invocations=33 (full 0):
 garbage-first heap   total 214016K, used 163104K [0x0000000080000000, 0x0000000100000000)
  region size 1024K, 56 young (57344K), 7 survivors (7168K)
 Metaspace       used 83024K, committed 83712K, reserved 1122304K
  class space    used 10996K, committed 11328K, reserved 1048576K
}
Event: 14.632 GC heap after
{Heap after GC invocations=34 (full 0):
 garbage-first heap   total 214016K, used 117595K [0x0000000080000000, 0x0000000100000000)
  region size 1024K, 4 young (4096K), 4 survivors (4096K)
 Metaspace       used 83024K, committed 83712K, reserved 1122304K
  class space    used 10996K, committed 11328K, reserved 1048576K
}
Event: 14.679 GC heap before
{Heap before GC invocations=34 (full 0):
 garbage-first heap   total 214016K, used 122715K [0x0000000080000000, 0x0000000100000000)
  region size 1024K, 10 young (10240K), 4 survivors (4096K)
 Metaspace       used 83257K, committed 83840K, reserved 1122304K
  class space    used 11035K, committed 11328K, reserved 1048576K
}
Event: 14.692 GC heap after
{Heap after GC invocations=35 (full 0):
 garbage-first heap   total 257024K, used 103776K [0x0000000080000000, 0x0000000100000000)
  region size 1024K, 1 young (1024K), 1 survivors (1024K)
 Metaspace       used 83257K, committed 83840K, reserved 1122304K
  class space    used 11035K, committed 11328K, reserved 1048576K
}
Event: 15.119 GC heap before
{Heap before GC invocations=35 (full 0):
 garbage-first heap   total 257024K, used 190816K [0x0000000080000000, 0x0000000100000000)
  region size 1024K, 87 young (89088K), 1 survivors (1024K)
 Metaspace       used 85252K, committed 85888K, reserved 1130496K
  class space    used 11308K, committed 11648K, reserved 1048576K
}
Event: 15.129 GC heap after
{Heap after GC invocations=36 (full 0):
 garbage-first heap   total 257024K, used 107646K [0x0000000080000000, 0x0000000100000000)
  region size 1024K, 5 young (5120K), 5 survivors (5120K)
 Metaspace       used 85252K, committed 85888K, reserved 1130496K
  class space    used 11308K, committed 11648K, reserved 1048576K
}
Event: 17.858 GC heap before
{Heap before GC invocations=36 (full 0):
 garbage-first heap   total 257024K, used 200830K [0x0000000080000000, 0x0000000100000000)
  region size 1024K, 93 young (95232K), 5 survivors (5120K)
 Metaspace       used 88102K, committed 88704K, reserved 1130496K
  class space    used 11674K, committed 11968K, reserved 1048576K
}
Event: 17.865 GC heap after
{Heap after GC invocations=37 (full 0):
 garbage-first heap   total 257024K, used 112890K [0x0000000080000000, 0x0000000100000000)
  region size 1024K, 10 young (10240K), 10 survivors (10240K)
 Metaspace       used 88102K, committed 88704K, reserved 1130496K
  class space    used 11674K, committed 11968K, reserved 1048576K
}
Event: 18.602 GC heap before
{Heap before GC invocations=37 (full 0):
 garbage-first heap   total 257024K, used 200954K [0x0000000080000000, 0x0000000100000000)
  region size 1024K, 97 young (99328K), 10 survivors (10240K)
 Metaspace       used 98025K, committed 98688K, reserved 1138688K
  class space    used 13536K, committed 13824K, reserved 1048576K
}
Event: 18.621 GC heap after
{Heap after GC invocations=38 (full 0):
 garbage-first heap   total 257024K, used 124439K [0x0000000080000000, 0x0000000100000000)
  region size 1024K, 13 young (13312K), 13 survivors (13312K)
 Metaspace       used 98025K, committed 98688K, reserved 1138688K
  class space    used 13536K, committed 13824K, reserved 1048576K
}
Event: 19.132 GC heap before
{Heap before GC invocations=38 (full 0):
 garbage-first heap   total 257024K, used 201239K [0x0000000080000000, 0x0000000100000000)
  region size 1024K, 89 young (91136K), 13 survivors (13312K)
 Metaspace       used 100502K, committed 101184K, reserved 1138688K
  class space    used 13866K, committed 14208K, reserved 1048576K
}
Event: 19.145 GC heap after
{Heap after GC invocations=39 (full 0):
 garbage-first heap   total 257024K, used 128265K [0x0000000080000000, 0x0000000100000000)
  region size 1024K, 5 young (5120K), 5 survivors (5120K)
 Metaspace       used 100502K, committed 101184K, reserved 1138688K
  class space    used 13866K, committed 14208K, reserved 1048576K
}
Event: 19.509 GC heap before
{Heap before GC invocations=39 (full 0):
 garbage-first heap   total 257024K, used 185609K [0x0000000080000000, 0x0000000100000000)
  region size 1024K, 63 young (64512K), 5 survivors (5120K)
 Metaspace       used 100750K, committed 101504K, reserved 1138688K
  class space    used 13884K, committed 14208K, reserved 1048576K
}
Event: 19.516 GC heap after
{Heap after GC invocations=40 (full 0):
 garbage-first heap   total 436224K, used 126914K [0x0000000080000000, 0x0000000100000000)
  region size 1024K, 4 young (4096K), 4 survivors (4096K)
 Metaspace       used 100750K, committed 101504K, reserved 1138688K
  class space    used 13884K, committed 14208K, reserved 1048576K
}
Event: 216.699 GC heap before
{Heap before GC invocations=40 (full 0):
 garbage-first heap   total 436224K, used 380866K [0x0000000080000000, 0x0000000100000000)
  region size 1024K, 231 young (236544K), 4 survivors (4096K)
 Metaspace       used 108702K, committed 109440K, reserved 1146880K
  class space    used 14633K, committed 14976K, reserved 1048576K
}
Event: 216.709 GC heap after
{Heap after GC invocations=41 (full 0):
 garbage-first heap   total 436224K, used 132988K [0x0000000080000000, 0x0000000100000000)
  region size 1024K, 10 young (10240K), 10 survivors (10240K)
 Metaspace       used 108702K, committed 109440K, reserved 1146880K
  class space    used 14633K, committed 14976K, reserved 1048576K
}

