# JRE version: OpenJDK Runtime Environment (16.0.2+7) (build 16.0.2+7-67)
# Java VM: OpenJDK 64-Bit Server VM (16.0.2+7-67, mixed mode, sharing, tiered, compressed oops, compressed class ptrs, g1 gc, windows-amd64)
GC Precious Log:
 CPUs: 8 total, 8 available
 Memory: 7103M
 Large Page Support: Disabled
 NUMA Support: Disabled
 Compressed Oops: Enabled (32-bit)
 Heap Region Size: 1M
 Heap Min Capacity: 8M
 Heap Initial Capacity: 112M
 Heap Max Capacity: 2G
 Pre-touch: Disabled
 Parallel Workers: 8
 Concurrent Workers: 2
 Concurrent Refinement Workers: 8
 Periodic GC: Disabled
Heap:
 garbage-first heap   total 97280K, used 56891K [0x0000000080000000, 0x0000000100000000)
  region size 1024K, 4 young (4096K), 4 survivors (4096K)
 Metaspace       used 55770K, committed 56320K, reserved 1097728K
  class space    used 7316K, committed 7552K, reserved 1048576K
GC Heap History (20 events):
Event: 13.235 GC heap after
{Heap after GC invocations=17 (full 0):
 garbage-first heap   total 78848K, used 48611K [0x0000000080000000, 0x0000000100000000)
  region size 1024K, 3 young (3072K), 3 survivors (3072K)
 Metaspace       used 39977K, committed 40384K, reserved 1089536K
  class space    used 5391K, committed 5568K, reserved 1048576K
}
Event: 13.267 GC heap before
{Heap before GC invocations=17 (full 0):
 garbage-first heap   total 78848K, used 49635K [0x0000000080000000, 0x0000000100000000)
  region size 1024K, 4 young (4096K), 3 survivors (3072K)
 Metaspace       used 40116K, committed 40576K, reserved 1089536K
  class space    used 5413K, committed 5632K, reserved 1048576K
}
Event: 13.272 GC heap after
{Heap after GC invocations=18 (full 0):
 garbage-first heap   total 78848K, used 45807K [0x0000000080000000, 0x0000000100000000)
  region size 1024K, 1 young (1024K), 1 survivors (1024K)
 Metaspace       used 40116K, committed 40576K, reserved 1089536K
  class space    used 5413K, committed 5632K, reserved 1048576K
}
Event: 13.543 GC heap before
{Heap before GC invocations=18 (full 0):
 garbage-first heap   total 78848K, used 59119K [0x0000000080000000, 0x0000000100000000)
  region size 1024K, 14 young (14336K), 1 survivors (1024K)
 Metaspace       used 42016K, committed 42432K, reserved 1089536K
  class space    used 5639K, committed 5824K, reserved 1048576K
}
Event: 13.546 GC heap after
{Heap after GC invocations=19 (full 0):
 garbage-first heap   total 78848K, used 46182K [0x0000000080000000, 0x0000000100000000)
  region size 1024K, 1 young (1024K), 1 survivors (1024K)
 Metaspace       used 42016K, committed 42432K, reserved 1089536K
  class space    used 5639K, committed 5824K, reserved 1048576K
}
Event: 13.961 GC heap before
{Heap before GC invocations=20 (full 0):
 garbage-first heap   total 83968K, used 59494K [0x0000000080000000, 0x0000000100000000)
  region size 1024K, 14 young (14336K), 1 survivors (1024K)
 Metaspace       used 44411K, committed 44864K, reserved 1089536K
  class space    used 5945K, committed 6144K, reserved 1048576K
}
Event: 13.963 GC heap after
{Heap after GC invocations=21 (full 0):
 garbage-first heap   total 83968K, used 46829K [0x0000000080000000, 0x0000000100000000)
  region size 1024K, 2 young (2048K), 2 survivors (2048K)
 Metaspace       used 44411K, committed 44864K, reserved 1089536K
  class space    used 5945K, committed 6144K, reserved 1048576K
}
Event: 14.372 GC heap before
{Heap before GC invocations=21 (full 0):
 garbage-first heap   total 83968K, used 63213K [0x0000000080000000, 0x0000000100000000)
  region size 1024K, 19 young (19456K), 2 survivors (2048K)
 Metaspace       used 47519K, committed 47936K, reserved 1097728K
  class space    used 6268K, committed 6464K, reserved 1048576K
}
Event: 14.375 GC heap after
{Heap after GC invocations=22 (full 0):
 garbage-first heap   total 83968K, used 47519K [0x0000000080000000, 0x0000000100000000)
  region size 1024K, 2 young (2048K), 2 survivors (2048K)
 Metaspace       used 47519K, committed 47936K, reserved 1097728K
  class space    used 6268K, committed 6464K, reserved 1048576K
}
Event: 14.935 GC heap before
{Heap before GC invocations=23 (full 0):
 garbage-first heap   total 83968K, used 65951K [0x0000000080000000, 0x0000000100000000)
  region size 1024K, 20 young (20480K), 2 survivors (2048K)
 Metaspace       used 50400K, committed 50880K, reserved 1097728K
  class space    used 6669K, committed 6912K, reserved 1048576K
}
Event: 14.941 GC heap after
{Heap after GC invocations=24 (full 0):
 garbage-first heap   total 83968K, used 48976K [0x0000000080000000, 0x0000000100000000)
  region size 1024K, 3 young (3072K), 3 survivors (3072K)
 Metaspace       used 50400K, committed 50880K, reserved 1097728K
  class space    used 6669K, committed 6912K, reserved 1048576K
}
Event: 15.254 GC heap before
{Heap before GC invocations=24 (full 0):
 garbage-first heap   total 83968K, used 65360K [0x0000000080000000, 0x0000000100000000)
  region size 1024K, 20 young (20480K), 3 survivors (3072K)
 Metaspace       used 52497K, committed 52992K, reserved 1097728K
  class space    used 6898K, committed 7168K, reserved 1048576K
}
Event: 15.258 GC heap after
{Heap after GC invocations=25 (full 0):
 garbage-first heap   total 83968K, used 50977K [0x0000000080000000, 0x0000000100000000)
  region size 1024K, 3 young (3072K), 3 survivors (3072K)
 Metaspace       used 52497K, committed 52992K, reserved 1097728K
  class space    used 6898K, committed 7168K, reserved 1048576K
}
Event: 15.610 GC heap before
{Heap before GC invocations=26 (full 0):
 garbage-first heap   total 89088K, used 67361K [0x0000000080000000, 0x0000000100000000)
  region size 1024K, 19 young (19456K), 3 survivors (3072K)
 Metaspace       used 54018K, committed 54528K, reserved 1097728K
  class space    used 7087K, committed 7360K, reserved 1048576K
}
Event: 15.613 GC heap after
{Heap after GC invocations=27 (full 0):
 garbage-first heap   total 89088K, used 52572K [0x0000000080000000, 0x0000000100000000)
  region size 1024K, 2 young (2048K), 2 survivors (2048K)
 Metaspace       used 54018K, committed 54528K, reserved 1097728K
  class space    used 7087K, committed 7360K, reserved 1048576K
}
Event: 15.758 GC heap before
{Heap before GC invocations=27 (full 0):
 garbage-first heap   total 89088K, used 59740K [0x0000000080000000, 0x0000000100000000)
  region size 1024K, 10 young (10240K), 2 survivors (2048K)
 Metaspace       used 54812K, committed 55360K, reserved 1097728K
  class space    used 7162K, committed 7424K, reserved 1048576K
}
Event: 15.760 GC heap after
{Heap after GC invocations=28 (full 0):
 garbage-first heap   total 89088K, used 53276K [0x0000000080000000, 0x0000000100000000)
  region size 1024K, 3 young (3072K), 3 survivors (3072K)
 Metaspace       used 54812K, committed 55360K, reserved 1097728K
  class space    used 7162K, committed 7424K, reserved 1048576K
}
Event: 16.078 GC heap before
{Heap before GC invocations=29 (full 0):
 garbage-first heap   total 97280K, used 72732K [0x0000000080000000, 0x0000000100000000)
  region size 1024K, 21 young (21504K), 3 survivors (3072K)
 Metaspace       used 55651K, committed 56192K, reserved 1097728K
  class space    used 7298K, committed 7552K, reserved 1048576K
}
Event: 16.082 GC heap after
{Heap after GC invocations=30 (full 0):
 garbage-first heap   total 97280K, used 54854K [0x0000000080000000, 0x0000000100000000)
  region size 1024K, 3 young (3072K), 3 survivors (3072K)
 Metaspace       used 55651K, committed 56192K, reserved 1097728K
  class space    used 7298K, committed 7552K, reserved 1048576K
}
Event: 16.340 GC heap before
{Heap before GC invocations=30 (full 0):
 garbage-first heap   total 97280K, used 77382K [0x0000000080000000, 0x0000000100000000)
  region size 1024K, 25 young (25600K), 3 survivors (3072K)
 Metaspace       used 55770K, committed 56320K, reserved 1097728K
  class space    used 7316K, committed 7552K, reserved 1048576K
}

